<?xml version="1.0" encoding="UTF-8"?>
<testsuite name="TestSuite" time="174.351" tests="13" errors="0" skipped="0" failures="1">
  <properties>
    <property name="java.vendor" value="Apple Inc."/>
    <property name="JOB_NAME" value="eiAutoTest1"/>
    <property name="PWD" value="/Users/joechou/Downloads"/>
    <property name="sun.java.launcher" value="SUN_STANDARD"/>
    <property name="sun.management.compiler" value="HotSpot 64-Bit Tiered Compilers"/>
    <property name="JENKINS_HOME" value="/Users/joechou/.jenkins"/>
    <property name="PATH" value="/Library/Java/Home/bin:/usr/bin:/bin:/usr/sbin:/sbin:/usr/local/bin"/>
    <property name="HUDSON_SERVER_COOKIE" value="b51a71f4d147ddd5"/>
    <property name="os.name" value="Mac OS X"/>
    <property name="TERM_PROGRAM" value="Apple_Terminal"/>
    <property name="sun.boot.class.path" value="/System/Library/Java/JavaVirtualMachines/1.6.0.jdk/Contents/Classes/jsfd.jar:/System/Library/Java/JavaVirtualMachines/1.6.0.jdk/Contents/Classes/classes.jar:/System/Library/Frameworks/JavaVM.framework/Frameworks/JavaRuntimeSupport.framework/Resources/Java/JavaRuntimeSupport.jar:/System/Library/Java/JavaVirtualMachines/1.6.0.jdk/Contents/Classes/ui.jar:/System/Library/Java/JavaVirtualMachines/1.6.0.jdk/Contents/Classes/laf.jar:/System/Library/Java/JavaVirtualMachines/1.6.0.jdk/Contents/Classes/sunrsasign.jar:/System/Library/Java/JavaVirtualMachines/1.6.0.jdk/Contents/Classes/jsse.jar:/System/Library/Java/JavaVirtualMachines/1.6.0.jdk/Contents/Classes/jce.jar:/System/Library/Java/JavaVirtualMachines/1.6.0.jdk/Contents/Classes/charsets.jar"/>
    <property name="EXECUTOR_NUMBER" value="0"/>
    <property name="TERM_SESSION_ID" value="F5CFB2A0-D979-434C-A0DA-FD8F66F5E8BD"/>
    <property name="java.vm.specification.vendor" value="Sun Microsystems Inc."/>
    <property name="NODE_LABELS" value="master"/>
    <property name="java.runtime.version" value="1.6.0_65-b14-462-11M4609"/>
    <property name="user.name" value="joechou"/>
    <property name="__CHECKFIX1436934" value="1"/>
    <property name="guice.disable.misplaced.annotation.check" value="true"/>
    <property name="awt.nativeDoubleBuffering" value="true"/>
    <property name="SECURITYSESSIONID" value="186a6"/>
    <property name="user.language" value="en"/>
    <property name="BUILD_DISPLAY_NAME" value="#2"/>
    <property name="TMPDIR" value="/var/folders/38/3j1ts8ks3x91k82g3fg00qw80000gn/T/"/>
    <property name="sun.boot.library.path" value="/System/Library/Java/JavaVirtualMachines/1.6.0.jdk/Contents/Libraries"/>
    <property name="java.version" value="1.6.0_65"/>
    <property name="user.timezone" value="America/Los_Angeles"/>
    <property name="sun.arch.data.model" value="64"/>
    <property name="NODE_NAME" value="master"/>
    <property name="TERM" value="xterm-256color"/>
    <property name="http.nonProxyHosts" value="local|*.local|169.254/16|*.169.254/16"/>
    <property name="java.endorsed.dirs" value="/System/Library/Java/JavaVirtualMachines/1.6.0.jdk/Contents/Home/lib/endorsed"/>
    <property name="BUILD_ID" value="2013-12-29_12-34-00"/>
    <property name="sun.cpu.isalist" value=""/>
    <property name="sun.jnu.encoding" value="MacRoman"/>
    <property name="file.encoding.pkg" value="sun.io"/>
    <property name="SHELL" value="/bin/bash"/>
    <property name="file.separator" value="/"/>
    <property name="java.specification.name" value="Java Platform API Specification"/>
    <property name="java.class.version" value="50.0"/>
    <property name="org.slf4j.simpleLogger.defaultLogLevel" value="info"/>
    <property name="user.country" value="US"/>
    <property name="JAVA_MAIN_CLASS_15063" value="Main"/>
    <property name="java.home" value="/System/Library/Java/JavaVirtualMachines/1.6.0.jdk/Contents/Home"/>
    <property name="java.vm.info" value="mixed mode"/>
    <property name="os.version" value="10.9"/>
    <property name="path.separator" value=":"/>
    <property name="java.vm.version" value="20.65-b04-462"/>
    <property name="SHLVL" value="1"/>
    <property name="_" value="/usr/bin/java"/>
    <property name="java.awt.printerjob" value="apple.awt.CPrinterJob"/>
    <property name="JAVA_HOME" value="/Library/Java/Home"/>
    <property name="sun.io.unicode.encoding" value="UnicodeLittle"/>
    <property name="awt.toolkit" value="apple.awt.CToolkit"/>
    <property name="LOGNAME" value="joechou"/>
    <property name="socksNonProxyHosts" value="local|*.local|169.254/16|*.169.254/16"/>
    <property name="ftp.nonProxyHosts" value="local|*.local|169.254/16|*.169.254/16"/>
    <property name="HOME" value="/Users/joechou"/>
    <property name="user.home" value="/Users/joechou"/>
    <property name="BUILD_TAG" value="jenkins-eiAutoTest1-2"/>
    <property name="JENKINS_SERVER_COOKIE" value="b51a71f4d147ddd5"/>
    <property name="HUDSON_URL" value="http://localhost:8080/"/>
    <property name="java.specification.vendor" value="Sun Microsystems Inc."/>
    <property name="CLASSPATH" value=""/>
    <property name="java.library.path" value=".:/Library/Java/Extensions:/System/Library/Java/Extensions:/usr/lib/java"/>
    <property name="java.vendor.url" value="http://www.apple.com/"/>
    <property name="Apple_PubSub_Socket_Render" value="/tmp/launch-N1GjVY/Render"/>
    <property name="java.vm.vendor" value="Apple Inc."/>
    <property name="gopherProxySet" value="false"/>
    <property name="maven.home" value="/Users/joechou/Downloads/apache-maven-3.1.1"/>
    <property name="java.runtime.name" value="Java(TM) SE Runtime Environment"/>
    <property name="java.class.path" value="/Users/joechou/.jenkins/plugins/maven-plugin/WEB-INF/lib/maven31-agent-1.4.jar:/Users/joechou/Downloads/apache-maven-3.1.1/boot/plexus-classworlds-2.5.1.jar:/Users/joechou/Downloads/apache-maven-3.1.1/conf/logging"/>
    <property name="sun.java.command" value="jenkins.maven3.agent.Maven31Main /Users/joechou/Downloads/apache-maven-3.1.1 /private/var/folders/38/3j1ts8ks3x91k82g3fg00qw80000gn/T/jetty-0.0.0.0-8080-jenkins.war--any-/webapp/WEB-INF/lib/remoting-2.33.jar /Users/joechou/.jenkins/plugins/maven-plugin/WEB-INF/lib/maven31-interceptor-1.4.jar /Users/joechou/.jenkins/plugins/maven-plugin/WEB-INF/lib/maven3-interceptor-commons-1.4.jar 65382"/>
    <property name="java.vm.specification.name" value="Java Virtual Machine Specification"/>
    <property name="PATH+JDK" value="/Library/Java/Home/bin"/>
    <property name="java.vm.specification.version" value="1.0"/>
    <property name="sun.os.patch.level" value="unknown"/>
    <property name="sun.cpu.endian" value="little"/>
    <property name="M2_HOME" value="/Users/joechou/Downloads/apache-maven-3.1.1"/>
    <property name="java.io.tmpdir" value="/var/folders/38/3j1ts8ks3x91k82g3fg00qw80000gn/T/"/>
    <property name="HUDSON_HOME" value="/Users/joechou/.jenkins"/>
    <property name="PATH+MAVEN" value="/Users/joechou/Downloads/apache-maven-3.1.1/bin"/>
    <property name="BUILD_URL" value="http://localhost:8080/job/eiAutoTest1/2/"/>
    <property name="java.vendor.url.bug" value="http://bugreport.apple.com/"/>
    <property name="OLDPWD" value="/Users/joechou"/>
    <property name="SSH_AUTH_SOCK" value="/tmp/launch-nw7C2V/Listeners"/>
    <property name="mrj.build" value="11M4609"/>
    <property name="java.awt.graphicsenv" value="apple.awt.CGraphicsEnvironment"/>
    <property name="os.arch" value="x86_64"/>
    <property name="com.apple.java.jvmTask" value="CommandLine"/>
    <property name="java.ext.dirs" value="/Library/Java/Extensions:/System/Library/Java/Extensions:/System/Library/Java/JavaVirtualMachines/1.6.0.jdk/Contents/Home/lib/ext"/>
    <property name="__CF_USER_TEXT_ENCODING" value="0x1F5:0:0"/>
    <property name="user.dir" value="/Users/joechou/Documents/workspace/eiIdeAutomation2"/>
    <property name="mrj.version" value="1070.1.6.0_65-462"/>
    <property name="JOB_URL" value="http://localhost:8080/job/eiAutoTest1/"/>
    <property name="line.separator" value="&#10;"/>
    <property name="JAVA_ARCH" value="x86_64"/>
    <property name="MAVEN_HOME" value="/Users/joechou/Downloads/apache-maven-3.1.1"/>
    <property name="java.vm.name" value="Java HotSpot(TM) 64-Bit Server VM"/>
    <property name="BUILD_NUMBER" value="2"/>
    <property name="JENKINS_URL" value="http://localhost:8080/"/>
    <property name="TERM_PROGRAM_VERSION" value="326"/>
    <property name="file.encoding" value="MacRoman"/>
    <property name="LANG" value="en_US.UTF-8"/>
    <property name="maven3.interceptor" value="/Users/joechou/.jenkins/plugins/maven-plugin/WEB-INF/lib/maven31-interceptor-1.4.jar"/>
    <property name="WORKSPACE" value="/Users/joechou/.jenkins/jobs/eiAutoTest1/workspace@2"/>
    <property name="maven3.interceptor.common" value="/Users/joechou/.jenkins/plugins/maven-plugin/WEB-INF/lib/maven3-interceptor-commons-1.4.jar"/>
    <property name="java.specification.version" value="1.6"/>
    <property name="USER" value="joechou"/>
  </properties>
  <testcase name="loginTest" classname="testSuiteA.IdeTest" time="4.435"/>
  <testcase name="addFImpTest" classname="testSuiteA.IdeTest" time="5.46"/>
  <testcase name="addWebhookTest" classname="testSuiteA.IdeTest" time="14.589"/>
  <testcase name="assignDevTest" classname="testSuiteA.IdeTest" time="12.422"/>
  <testcase name="changeFWTest" classname="testSuiteA.IdeTest" time="16.585"/>
  <testcase name="deleteDevTest" classname="testSuiteA.IdeTest" time="11.055"/>
  <testcase name="deleteFImpTest" classname="testSuiteA.IdeTest" time="6.571">
    <failure message="expected:&lt;true&gt; but was:&lt;false&gt;" type="java.lang.AssertionError"><![CDATA[java.lang.AssertionError: expected:<true> but was:<false>
	at org.testng.Assert.fail(Assert.java:89)
	at org.testng.Assert.failNotEquals(Assert.java:489)
	at org.testng.Assert.assertTrue(Assert.java:37)
	at org.testng.Assert.assertTrue(Assert.java:47)
	at testSuiteA.IdeTest.deleteFImpTest(IdeTest.java:370)
]]></failure>
    <system-out><![CDATA[29/12/2013 12:35:17 Logger DEBUG: Entering deleteFIMpTest()
29/12/2013 12:35:19 org.apache.http.impl.conn.tsccm.ThreadSafeClientConnManager Get connection: {}->http://localhost:6629, timeout = 120000
29/12/2013 12:35:19 org.apache.http.impl.conn.tsccm.ConnPoolByRoute [{}->http://localhost:6629] total kept alive: 0, total issued: 0, total allocated: 0 out of 2000
29/12/2013 12:35:19 org.apache.http.impl.conn.tsccm.ConnPoolByRoute No free connections [{}->http://localhost:6629][null]
29/12/2013 12:35:19 org.apache.http.impl.conn.tsccm.ConnPoolByRoute Available capacity: 2000 out of 2000 [{}->http://localhost:6629][null]
29/12/2013 12:35:19 org.apache.http.impl.conn.tsccm.ConnPoolByRoute Creating new connection [{}->http://localhost:6629]
29/12/2013 12:35:19 org.apache.http.impl.conn.DefaultClientConnectionOperator Connecting to localhost:6629
29/12/2013 12:35:19 org.apache.http.client.protocol.RequestAddCookies CookieSpec selected: best-match
29/12/2013 12:35:19 org.apache.http.client.protocol.RequestAuthCache Auth cache not set in the context
29/12/2013 12:35:19 org.apache.http.client.protocol.RequestTargetAuthentication Target auth state: UNCHALLENGED
29/12/2013 12:35:19 org.apache.http.client.protocol.RequestProxyAuthentication Proxy auth state: UNCHALLENGED
29/12/2013 12:35:19 org.apache.http.impl.client.DefaultHttpClient Attempt 1 to execute request
29/12/2013 12:35:19 org.apache.http.impl.conn.DefaultClientConnection Sending request: GET /session/b31d4ab427a8e7b646ad6ee3b81fcc2d/title HTTP/1.1
29/12/2013 12:35:19 org.apache.http.wire  >> "GET /session/b31d4ab427a8e7b646ad6ee3b81fcc2d/title HTTP/1.1[\r][\n]"
29/12/2013 12:35:19 org.apache.http.wire  >> "Accept: application/json, image/png[\r][\n]"
29/12/2013 12:35:19 org.apache.http.wire  >> "Cache-Control: no-cache[\r][\n]"
29/12/2013 12:35:19 org.apache.http.wire  >> "Host: localhost:6629[\r][\n]"
29/12/2013 12:35:19 org.apache.http.wire  >> "Connection: Keep-Alive[\r][\n]"
29/12/2013 12:35:19 org.apache.http.wire  >> "[\r][\n]"
29/12/2013 12:35:19 org.apache.http.headers >> GET /session/b31d4ab427a8e7b646ad6ee3b81fcc2d/title HTTP/1.1
29/12/2013 12:35:19 org.apache.http.headers >> Accept: application/json, image/png
29/12/2013 12:35:19 org.apache.http.headers >> Cache-Control: no-cache
29/12/2013 12:35:19 org.apache.http.headers >> Host: localhost:6629
29/12/2013 12:35:19 org.apache.http.headers >> Connection: Keep-Alive
29/12/2013 12:35:19 org.apache.http.wire  << "HTTP/1.1 200 OK[\r][\n]"
29/12/2013 12:35:19 org.apache.http.wire  << "Content-Length:88[\r][\n]"
29/12/2013 12:35:19 org.apache.http.wire  << "Content-Type:application/json; charset=utf-8[\r][\n]"
29/12/2013 12:35:19 org.apache.http.wire  << "Connection:close[\r][\n]"
29/12/2013 12:35:19 org.apache.http.wire  << "[\r][\n]"
29/12/2013 12:35:19 org.apache.http.impl.conn.DefaultClientConnection Receiving response: HTTP/1.1 200 OK
29/12/2013 12:35:19 org.apache.http.headers << HTTP/1.1 200 OK
29/12/2013 12:35:19 org.apache.http.headers << Content-Length:88
29/12/2013 12:35:19 org.apache.http.headers << Content-Type:application/json; charset=utf-8
29/12/2013 12:35:19 org.apache.http.headers << Connection:close
29/12/2013 12:35:19 org.apache.http.wire  << "{"sessionId":"b31d4ab427a8e7b646ad6ee3b81fcc2d","status":0,"value":"Electric Imp - IDE"}"
29/12/2013 12:35:19 org.apache.http.impl.conn.DefaultClientConnection Connection 0.0.0.0:49186<->127.0.0.1:6629 shut down
29/12/2013 12:35:19 org.apache.http.impl.conn.tsccm.ThreadSafeClientConnManager Released connection is not reusable.
29/12/2013 12:35:19 org.apache.http.impl.conn.tsccm.ConnPoolByRoute Releasing connection [{}->http://localhost:6629][null]
29/12/2013 12:35:19 org.apache.http.impl.conn.DefaultClientConnection Connection 0.0.0.0:49186<->127.0.0.1:6629 closed
29/12/2013 12:35:19 org.apache.http.impl.conn.tsccm.ConnPoolByRoute Notifying no-one, there are no waiting threads
29/12/2013 12:35:20 org.apache.http.impl.conn.tsccm.ThreadSafeClientConnManager Get connection: {}->http://localhost:6629, timeout = 120000
29/12/2013 12:35:20 org.apache.http.impl.conn.tsccm.ConnPoolByRoute [{}->http://localhost:6629] total kept alive: 0, total issued: 0, total allocated: 0 out of 2000
29/12/2013 12:35:20 org.apache.http.impl.conn.tsccm.ConnPoolByRoute No free connections [{}->http://localhost:6629][null]
29/12/2013 12:35:20 org.apache.http.impl.conn.tsccm.ConnPoolByRoute Available capacity: 2000 out of 2000 [{}->http://localhost:6629][null]
29/12/2013 12:35:20 org.apache.http.impl.conn.tsccm.ConnPoolByRoute Creating new connection [{}->http://localhost:6629]
29/12/2013 12:35:20 org.apache.http.impl.conn.DefaultClientConnectionOperator Connecting to localhost:6629
29/12/2013 12:35:20 org.apache.http.client.protocol.RequestAddCookies CookieSpec selected: best-match
29/12/2013 12:35:20 org.apache.http.client.protocol.RequestAuthCache Auth cache not set in the context
29/12/2013 12:35:20 org.apache.http.client.protocol.RequestTargetAuthentication Target auth state: UNCHALLENGED
29/12/2013 12:35:20 org.apache.http.client.protocol.RequestProxyAuthentication Proxy auth state: UNCHALLENGED
29/12/2013 12:35:20 org.apache.http.impl.client.DefaultHttpClient Attempt 1 to execute request
29/12/2013 12:35:20 org.apache.http.impl.conn.DefaultClientConnection Sending request: POST /session/b31d4ab427a8e7b646ad6ee3b81fcc2d/refresh HTTP/1.1
29/12/2013 12:35:20 org.apache.http.wire  >> "POST /session/b31d4ab427a8e7b646ad6ee3b81fcc2d/refresh HTTP/1.1[\r][\n]"
29/12/2013 12:35:20 org.apache.http.wire  >> "Accept: application/json, image/png[\r][\n]"
29/12/2013 12:35:20 org.apache.http.wire  >> "Content-Type: application/json; charset=utf-8[\r][\n]"
29/12/2013 12:35:20 org.apache.http.wire  >> "Content-Length: 2[\r][\n]"
29/12/2013 12:35:20 org.apache.http.wire  >> "Host: localhost:6629[\r][\n]"
29/12/2013 12:35:20 org.apache.http.wire  >> "Connection: Keep-Alive[\r][\n]"
29/12/2013 12:35:20 org.apache.http.wire  >> "[\r][\n]"
29/12/2013 12:35:20 org.apache.http.headers >> POST /session/b31d4ab427a8e7b646ad6ee3b81fcc2d/refresh HTTP/1.1
29/12/2013 12:35:20 org.apache.http.headers >> Accept: application/json, image/png
29/12/2013 12:35:20 org.apache.http.headers >> Content-Type: application/json; charset=utf-8
29/12/2013 12:35:20 org.apache.http.headers >> Content-Length: 2
29/12/2013 12:35:20 org.apache.http.headers >> Host: localhost:6629
29/12/2013 12:35:20 org.apache.http.headers >> Connection: Keep-Alive
29/12/2013 12:35:20 org.apache.http.wire  >> "{}"
29/12/2013 12:35:20 org.apache.http.wire  << "HTTP/1.1 200 OK[\r][\n]"
29/12/2013 12:35:20 org.apache.http.wire  << "Content-Length:72[\r][\n]"
29/12/2013 12:35:20 org.apache.http.wire  << "Content-Type:application/json; charset=utf-8[\r][\n]"
29/12/2013 12:35:20 org.apache.http.wire  << "Connection:close[\r][\n]"
29/12/2013 12:35:20 org.apache.http.wire  << "[\r][\n]"
29/12/2013 12:35:20 org.apache.http.impl.conn.DefaultClientConnection Receiving response: HTTP/1.1 200 OK
29/12/2013 12:35:20 org.apache.http.headers << HTTP/1.1 200 OK
29/12/2013 12:35:20 org.apache.http.headers << Content-Length:72
29/12/2013 12:35:20 org.apache.http.headers << Content-Type:application/json; charset=utf-8
29/12/2013 12:35:20 org.apache.http.headers << Connection:close
29/12/2013 12:35:20 org.apache.http.wire  << "{"sessionId":"b31d4ab427a8e7b646ad6ee3b81fcc2d","status":0,"value":null}"
29/12/2013 12:35:20 org.apache.http.impl.conn.DefaultClientConnection Connection 0.0.0.0:49187<->127.0.0.1:6629 shut down
29/12/2013 12:35:20 org.apache.http.impl.conn.tsccm.ThreadSafeClientConnManager Released connection is not reusable.
29/12/2013 12:35:20 org.apache.http.impl.conn.tsccm.ConnPoolByRoute Releasing connection [{}->http://localhost:6629][null]
29/12/2013 12:35:20 org.apache.http.impl.conn.DefaultClientConnection Connection 0.0.0.0:49187<->127.0.0.1:6629 closed
29/12/2013 12:35:20 org.apache.http.impl.conn.tsccm.ConnPoolByRoute Notifying no-one, there are no waiting threads
29/12/2013 12:35:20 org.apache.http.impl.conn.tsccm.ThreadSafeClientConnManager Get connection: {}->http://localhost:6629, timeout = 120000
29/12/2013 12:35:20 org.apache.http.impl.conn.tsccm.ConnPoolByRoute [{}->http://localhost:6629] total kept alive: 0, total issued: 0, total allocated: 0 out of 2000
29/12/2013 12:35:20 org.apache.http.impl.conn.tsccm.ConnPoolByRoute No free connections [{}->http://localhost:6629][null]
29/12/2013 12:35:20 org.apache.http.impl.conn.tsccm.ConnPoolByRoute Available capacity: 2000 out of 2000 [{}->http://localhost:6629][null]
29/12/2013 12:35:20 org.apache.http.impl.conn.tsccm.ConnPoolByRoute Creating new connection [{}->http://localhost:6629]
29/12/2013 12:35:20 org.apache.http.impl.conn.DefaultClientConnectionOperator Connecting to localhost:6629
29/12/2013 12:35:20 org.apache.http.client.protocol.RequestAddCookies CookieSpec selected: best-match
29/12/2013 12:35:20 org.apache.http.client.protocol.RequestAuthCache Auth cache not set in the context
29/12/2013 12:35:20 org.apache.http.client.protocol.RequestTargetAuthentication Target auth state: UNCHALLENGED
29/12/2013 12:35:20 org.apache.http.client.protocol.RequestProxyAuthentication Proxy auth state: UNCHALLENGED
29/12/2013 12:35:20 org.apache.http.impl.client.DefaultHttpClient Attempt 1 to execute request
29/12/2013 12:35:20 org.apache.http.impl.conn.DefaultClientConnection Sending request: POST /session/b31d4ab427a8e7b646ad6ee3b81fcc2d/element HTTP/1.1
29/12/2013 12:35:20 org.apache.http.wire  >> "POST /session/b31d4ab427a8e7b646ad6ee3b81fcc2d/element HTTP/1.1[\r][\n]"
29/12/2013 12:35:20 org.apache.http.wire  >> "Accept: application/json, image/png[\r][\n]"
29/12/2013 12:35:20 org.apache.http.wire  >> "Content-Type: application/json; charset=utf-8[\r][\n]"
29/12/2013 12:35:20 org.apache.http.wire  >> "Content-Length: 45[\r][\n]"
29/12/2013 12:35:20 org.apache.http.wire  >> "Host: localhost:6629[\r][\n]"
29/12/2013 12:35:20 org.apache.http.wire  >> "Connection: Keep-Alive[\r][\n]"
29/12/2013 12:35:20 org.apache.http.wire  >> "[\r][\n]"
29/12/2013 12:35:20 org.apache.http.headers >> POST /session/b31d4ab427a8e7b646ad6ee3b81fcc2d/element HTTP/1.1
29/12/2013 12:35:20 org.apache.http.headers >> Accept: application/json, image/png
29/12/2013 12:35:20 org.apache.http.headers >> Content-Type: application/json; charset=utf-8
29/12/2013 12:35:20 org.apache.http.headers >> Content-Length: 45
29/12/2013 12:35:20 org.apache.http.headers >> Host: localhost:6629
29/12/2013 12:35:20 org.apache.http.headers >> Connection: Keep-Alive
29/12/2013 12:35:20 org.apache.http.wire  >> "{"using":"xpath","value":"//a[@href='/ops']"}"
29/12/2013 12:35:20 org.apache.http.wire  << "HTTP/1.1 200 OK[\r][\n]"
29/12/2013 12:35:20 org.apache.http.wire  << "Content-Length:103[\r][\n]"
29/12/2013 12:35:20 org.apache.http.wire  << "Content-Type:application/json; charset=utf-8[\r][\n]"
29/12/2013 12:35:20 org.apache.http.wire  << "Connection:close[\r][\n]"
29/12/2013 12:35:20 org.apache.http.wire  << "[\r][\n]"
29/12/2013 12:35:20 org.apache.http.impl.conn.DefaultClientConnection Receiving response: HTTP/1.1 200 OK
29/12/2013 12:35:20 org.apache.http.headers << HTTP/1.1 200 OK
29/12/2013 12:35:20 org.apache.http.headers << Content-Length:103
29/12/2013 12:35:20 org.apache.http.headers << Content-Type:application/json; charset=utf-8
29/12/2013 12:35:20 org.apache.http.headers << Connection:close
29/12/2013 12:35:20 org.apache.http.wire  << "{"sessionId":"b31d4ab427a8e7b646ad6ee3b81fcc2d","status":0,"value":{"ELEMENT":"0.43827101308852434-1"}}"
29/12/2013 12:35:20 org.apache.http.impl.conn.DefaultClientConnection Connection 0.0.0.0:49188<->127.0.0.1:6629 shut down
29/12/2013 12:35:20 org.apache.http.impl.conn.tsccm.ThreadSafeClientConnManager Released connection is not reusable.
29/12/2013 12:35:20 org.apache.http.impl.conn.tsccm.ConnPoolByRoute Releasing connection [{}->http://localhost:6629][null]
29/12/2013 12:35:20 org.apache.http.impl.conn.DefaultClientConnection Connection 0.0.0.0:49188<->127.0.0.1:6629 closed
29/12/2013 12:35:20 org.apache.http.impl.conn.tsccm.ConnPoolByRoute Notifying no-one, there are no waiting threads
29/12/2013 12:35:20 org.apache.http.impl.conn.tsccm.ThreadSafeClientConnManager Get connection: {}->http://localhost:6629, timeout = 120000
29/12/2013 12:35:20 org.apache.http.impl.conn.tsccm.ConnPoolByRoute [{}->http://localhost:6629] total kept alive: 0, total issued: 0, total allocated: 0 out of 2000
29/12/2013 12:35:20 org.apache.http.impl.conn.tsccm.ConnPoolByRoute No free connections [{}->http://localhost:6629][null]
29/12/2013 12:35:20 org.apache.http.impl.conn.tsccm.ConnPoolByRoute Available capacity: 2000 out of 2000 [{}->http://localhost:6629][null]
29/12/2013 12:35:20 org.apache.http.impl.conn.tsccm.ConnPoolByRoute Creating new connection [{}->http://localhost:6629]
29/12/2013 12:35:20 org.apache.http.impl.conn.DefaultClientConnectionOperator Connecting to localhost:6629
29/12/2013 12:35:20 org.apache.http.client.protocol.RequestAddCookies CookieSpec selected: best-match
29/12/2013 12:35:20 org.apache.http.client.protocol.RequestAuthCache Auth cache not set in the context
29/12/2013 12:35:20 org.apache.http.client.protocol.RequestTargetAuthentication Target auth state: UNCHALLENGED
29/12/2013 12:35:20 org.apache.http.client.protocol.RequestProxyAuthentication Proxy auth state: UNCHALLENGED
29/12/2013 12:35:20 org.apache.http.impl.client.DefaultHttpClient Attempt 1 to execute request
29/12/2013 12:35:20 org.apache.http.impl.conn.DefaultClientConnection Sending request: POST /session/b31d4ab427a8e7b646ad6ee3b81fcc2d/element/0.43827101308852434-1/click HTTP/1.1
29/12/2013 12:35:20 org.apache.http.wire  >> "POST /session/b31d4ab427a8e7b646ad6ee3b81fcc2d/element/0.43827101308852434-1/click HTTP/1.1[\r][\n]"
29/12/2013 12:35:20 org.apache.http.wire  >> "Accept: application/json, image/png[\r][\n]"
29/12/2013 12:35:20 org.apache.http.wire  >> "Content-Type: application/json; charset=utf-8[\r][\n]"
29/12/2013 12:35:20 org.apache.http.wire  >> "Content-Length: 30[\r][\n]"
29/12/2013 12:35:20 org.apache.http.wire  >> "Host: localhost:6629[\r][\n]"
29/12/2013 12:35:20 org.apache.http.wire  >> "Connection: Keep-Alive[\r][\n]"
29/12/2013 12:35:20 org.apache.http.wire  >> "[\r][\n]"
29/12/2013 12:35:20 org.apache.http.headers >> POST /session/b31d4ab427a8e7b646ad6ee3b81fcc2d/element/0.43827101308852434-1/click HTTP/1.1
29/12/2013 12:35:20 org.apache.http.headers >> Accept: application/json, image/png
29/12/2013 12:35:20 org.apache.http.headers >> Content-Type: application/json; charset=utf-8
29/12/2013 12:35:20 org.apache.http.headers >> Content-Length: 30
29/12/2013 12:35:20 org.apache.http.headers >> Host: localhost:6629
29/12/2013 12:35:20 org.apache.http.headers >> Connection: Keep-Alive
29/12/2013 12:35:20 org.apache.http.wire  >> "{"id":"0.43827101308852434-1"}"
29/12/2013 12:35:20 org.apache.http.wire  << "HTTP/1.1 200 OK[\r][\n]"
29/12/2013 12:35:20 org.apache.http.wire  << "Content-Length:72[\r][\n]"
29/12/2013 12:35:20 org.apache.http.wire  << "Content-Type:application/json; charset=utf-8[\r][\n]"
29/12/2013 12:35:20 org.apache.http.wire  << "Connection:close[\r][\n]"
29/12/2013 12:35:20 org.apache.http.wire  << "[\r][\n]"
29/12/2013 12:35:20 org.apache.http.impl.conn.DefaultClientConnection Receiving response: HTTP/1.1 200 OK
29/12/2013 12:35:20 org.apache.http.headers << HTTP/1.1 200 OK
29/12/2013 12:35:20 org.apache.http.headers << Content-Length:72
29/12/2013 12:35:20 org.apache.http.headers << Content-Type:application/json; charset=utf-8
29/12/2013 12:35:20 org.apache.http.headers << Connection:close
29/12/2013 12:35:20 org.apache.http.wire  << "{"sessionId":"b31d4ab427a8e7b646ad6ee3b81fcc2d","status":0,"value":null}"
29/12/2013 12:35:20 org.apache.http.impl.conn.DefaultClientConnection Connection 0.0.0.0:49190<->127.0.0.1:6629 shut down
29/12/2013 12:35:20 org.apache.http.impl.conn.tsccm.ThreadSafeClientConnManager Released connection is not reusable.
29/12/2013 12:35:20 org.apache.http.impl.conn.tsccm.ConnPoolByRoute Releasing connection [{}->http://localhost:6629][null]
29/12/2013 12:35:20 org.apache.http.impl.conn.DefaultClientConnection Connection 0.0.0.0:49190<->127.0.0.1:6629 closed
29/12/2013 12:35:20 org.apache.http.impl.conn.tsccm.ConnPoolByRoute Notifying no-one, there are no waiting threads
29/12/2013 12:35:22 org.apache.http.impl.conn.tsccm.ThreadSafeClientConnManager Get connection: {}->http://localhost:6629, timeout = 120000
29/12/2013 12:35:22 org.apache.http.impl.conn.tsccm.ConnPoolByRoute [{}->http://localhost:6629] total kept alive: 0, total issued: 0, total allocated: 0 out of 2000
29/12/2013 12:35:22 org.apache.http.impl.conn.tsccm.ConnPoolByRoute No free connections [{}->http://localhost:6629][null]
29/12/2013 12:35:22 org.apache.http.impl.conn.tsccm.ConnPoolByRoute Available capacity: 2000 out of 2000 [{}->http://localhost:6629][null]
29/12/2013 12:35:22 org.apache.http.impl.conn.tsccm.ConnPoolByRoute Creating new connection [{}->http://localhost:6629]
29/12/2013 12:35:22 org.apache.http.impl.conn.DefaultClientConnectionOperator Connecting to localhost:6629
29/12/2013 12:35:22 org.apache.http.client.protocol.RequestAddCookies CookieSpec selected: best-match
29/12/2013 12:35:22 org.apache.http.client.protocol.RequestAuthCache Auth cache not set in the context
29/12/2013 12:35:22 org.apache.http.client.protocol.RequestTargetAuthentication Target auth state: UNCHALLENGED
29/12/2013 12:35:22 org.apache.http.client.protocol.RequestProxyAuthentication Proxy auth state: UNCHALLENGED
29/12/2013 12:35:22 org.apache.http.impl.client.DefaultHttpClient Attempt 1 to execute request
29/12/2013 12:35:22 org.apache.http.impl.conn.DefaultClientConnection Sending request: POST /session/b31d4ab427a8e7b646ad6ee3b81fcc2d/element HTTP/1.1
29/12/2013 12:35:22 org.apache.http.wire  >> "POST /session/b31d4ab427a8e7b646ad6ee3b81fcc2d/element HTTP/1.1[\r][\n]"
29/12/2013 12:35:22 org.apache.http.wire  >> "Accept: application/json, image/png[\r][\n]"
29/12/2013 12:35:22 org.apache.http.wire  >> "Content-Type: application/json; charset=utf-8[\r][\n]"
29/12/2013 12:35:22 org.apache.http.wire  >> "Content-Length: 52[\r][\n]"
29/12/2013 12:35:22 org.apache.http.wire  >> "Host: localhost:6629[\r][\n]"
29/12/2013 12:35:22 org.apache.http.wire  >> "Connection: Keep-Alive[\r][\n]"
29/12/2013 12:35:22 org.apache.http.wire  >> "[\r][\n]"
29/12/2013 12:35:22 org.apache.http.headers >> POST /session/b31d4ab427a8e7b646ad6ee3b81fcc2d/element HTTP/1.1
29/12/2013 12:35:22 org.apache.http.headers >> Accept: application/json, image/png
29/12/2013 12:35:22 org.apache.http.headers >> Content-Type: application/json; charset=utf-8
29/12/2013 12:35:22 org.apache.http.headers >> Content-Length: 52
29/12/2013 12:35:22 org.apache.http.headers >> Host: localhost:6629
29/12/2013 12:35:22 org.apache.http.headers >> Connection: Keep-Alive
29/12/2013 12:35:22 org.apache.http.wire  >> "{"using":"xpath","value":"//div[@title='ProdMod1']"}"
29/12/2013 12:35:22 org.apache.http.wire  << "HTTP/1.1 200 OK[\r][\n]"
29/12/2013 12:35:22 org.apache.http.wire  << "Content-Length:102[\r][\n]"
29/12/2013 12:35:22 org.apache.http.wire  << "Content-Type:application/json; charset=utf-8[\r][\n]"
29/12/2013 12:35:22 org.apache.http.wire  << "Connection:close[\r][\n]"
29/12/2013 12:35:22 org.apache.http.wire  << "[\r][\n]"
29/12/2013 12:35:22 org.apache.http.impl.conn.DefaultClientConnection Receiving response: HTTP/1.1 200 OK
29/12/2013 12:35:22 org.apache.http.headers << HTTP/1.1 200 OK
29/12/2013 12:35:22 org.apache.http.headers << Content-Length:102
29/12/2013 12:35:22 org.apache.http.headers << Content-Type:application/json; charset=utf-8
29/12/2013 12:35:22 org.apache.http.headers << Connection:close
29/12/2013 12:35:22 org.apache.http.wire  << "{"sessionId":"b31d4ab427a8e7b646ad6ee3b81fcc2d","status":0,"value":{"ELEMENT":"0.8102839740458876-1"}}"
29/12/2013 12:35:22 org.apache.http.impl.conn.DefaultClientConnection Connection 0.0.0.0:49191<->127.0.0.1:6629 shut down
29/12/2013 12:35:22 org.apache.http.impl.conn.tsccm.ThreadSafeClientConnManager Released connection is not reusable.
29/12/2013 12:35:22 org.apache.http.impl.conn.tsccm.ConnPoolByRoute Releasing connection [{}->http://localhost:6629][null]
29/12/2013 12:35:22 org.apache.http.impl.conn.DefaultClientConnection Connection 0.0.0.0:49191<->127.0.0.1:6629 closed
29/12/2013 12:35:22 org.apache.http.impl.conn.tsccm.ConnPoolByRoute Notifying no-one, there are no waiting threads
29/12/2013 12:35:22 org.apache.http.impl.conn.tsccm.ThreadSafeClientConnManager Get connection: {}->http://localhost:6629, timeout = 120000
29/12/2013 12:35:22 org.apache.http.impl.conn.tsccm.ConnPoolByRoute [{}->http://localhost:6629] total kept alive: 0, total issued: 0, total allocated: 0 out of 2000
29/12/2013 12:35:22 org.apache.http.impl.conn.tsccm.ConnPoolByRoute No free connections [{}->http://localhost:6629][null]
29/12/2013 12:35:22 org.apache.http.impl.conn.tsccm.ConnPoolByRoute Available capacity: 2000 out of 2000 [{}->http://localhost:6629][null]
29/12/2013 12:35:22 org.apache.http.impl.conn.tsccm.ConnPoolByRoute Creating new connection [{}->http://localhost:6629]
29/12/2013 12:35:22 org.apache.http.impl.conn.DefaultClientConnectionOperator Connecting to localhost:6629
29/12/2013 12:35:22 org.apache.http.client.protocol.RequestAddCookies CookieSpec selected: best-match
29/12/2013 12:35:22 org.apache.http.client.protocol.RequestAuthCache Auth cache not set in the context
29/12/2013 12:35:22 org.apache.http.client.protocol.RequestTargetAuthentication Target auth state: UNCHALLENGED
29/12/2013 12:35:22 org.apache.http.client.protocol.RequestProxyAuthentication Proxy auth state: UNCHALLENGED
29/12/2013 12:35:22 org.apache.http.impl.client.DefaultHttpClient Attempt 1 to execute request
29/12/2013 12:35:22 org.apache.http.impl.conn.DefaultClientConnection Sending request: POST /session/b31d4ab427a8e7b646ad6ee3b81fcc2d/element/0.8102839740458876-1/click HTTP/1.1
29/12/2013 12:35:22 org.apache.http.wire  >> "POST /session/b31d4ab427a8e7b646ad6ee3b81fcc2d/element/0.8102839740458876-1/click HTTP/1.1[\r][\n]"
29/12/2013 12:35:22 org.apache.http.wire  >> "Accept: application/json, image/png[\r][\n]"
29/12/2013 12:35:22 org.apache.http.wire  >> "Content-Type: application/json; charset=utf-8[\r][\n]"
29/12/2013 12:35:22 org.apache.http.wire  >> "Content-Length: 29[\r][\n]"
29/12/2013 12:35:22 org.apache.http.wire  >> "Host: localhost:6629[\r][\n]"
29/12/2013 12:35:22 org.apache.http.wire  >> "Connection: Keep-Alive[\r][\n]"
29/12/2013 12:35:22 org.apache.http.wire  >> "[\r][\n]"
29/12/2013 12:35:22 org.apache.http.headers >> POST /session/b31d4ab427a8e7b646ad6ee3b81fcc2d/element/0.8102839740458876-1/click HTTP/1.1
29/12/2013 12:35:22 org.apache.http.headers >> Accept: application/json, image/png
29/12/2013 12:35:22 org.apache.http.headers >> Content-Type: application/json; charset=utf-8
29/12/2013 12:35:22 org.apache.http.headers >> Content-Length: 29
29/12/2013 12:35:22 org.apache.http.headers >> Host: localhost:6629
29/12/2013 12:35:22 org.apache.http.headers >> Connection: Keep-Alive
29/12/2013 12:35:22 org.apache.http.wire  >> "{"id":"0.8102839740458876-1"}"
29/12/2013 12:35:22 org.apache.http.wire  << "HTTP/1.1 200 OK[\r][\n]"
29/12/2013 12:35:22 org.apache.http.wire  << "Content-Length:72[\r][\n]"
29/12/2013 12:35:22 org.apache.http.wire  << "Content-Type:application/json; charset=utf-8[\r][\n]"
29/12/2013 12:35:22 org.apache.http.wire  << "Connection:close[\r][\n]"
29/12/2013 12:35:22 org.apache.http.wire  << "[\r][\n]"
29/12/2013 12:35:22 org.apache.http.impl.conn.DefaultClientConnection Receiving response: HTTP/1.1 200 OK
29/12/2013 12:35:22 org.apache.http.headers << HTTP/1.1 200 OK
29/12/2013 12:35:22 org.apache.http.headers << Content-Length:72
29/12/2013 12:35:22 org.apache.http.headers << Content-Type:application/json; charset=utf-8
29/12/2013 12:35:22 org.apache.http.headers << Connection:close
29/12/2013 12:35:22 org.apache.http.wire  << "{"sessionId":"b31d4ab427a8e7b646ad6ee3b81fcc2d","status":0,"value":null}"
29/12/2013 12:35:22 org.apache.http.impl.conn.DefaultClientConnection Connection 0.0.0.0:49192<->127.0.0.1:6629 shut down
29/12/2013 12:35:22 org.apache.http.impl.conn.tsccm.ThreadSafeClientConnManager Released connection is not reusable.
29/12/2013 12:35:22 org.apache.http.impl.conn.tsccm.ConnPoolByRoute Releasing connection [{}->http://localhost:6629][null]
29/12/2013 12:35:22 org.apache.http.impl.conn.DefaultClientConnection Connection 0.0.0.0:49192<->127.0.0.1:6629 closed
29/12/2013 12:35:22 org.apache.http.impl.conn.tsccm.ConnPoolByRoute Notifying no-one, there are no waiting threads
29/12/2013 12:35:22 org.apache.http.impl.conn.tsccm.ThreadSafeClientConnManager Get connection: {}->http://localhost:6629, timeout = 120000
29/12/2013 12:35:22 org.apache.http.impl.conn.tsccm.ConnPoolByRoute [{}->http://localhost:6629] total kept alive: 0, total issued: 0, total allocated: 0 out of 2000
29/12/2013 12:35:22 org.apache.http.impl.conn.tsccm.ConnPoolByRoute No free connections [{}->http://localhost:6629][null]
29/12/2013 12:35:22 org.apache.http.impl.conn.tsccm.ConnPoolByRoute Available capacity: 2000 out of 2000 [{}->http://localhost:6629][null]
29/12/2013 12:35:22 org.apache.http.impl.conn.tsccm.ConnPoolByRoute Creating new connection [{}->http://localhost:6629]
29/12/2013 12:35:22 org.apache.http.impl.conn.DefaultClientConnectionOperator Connecting to localhost:6629
29/12/2013 12:35:22 org.apache.http.client.protocol.RequestAddCookies CookieSpec selected: best-match
29/12/2013 12:35:22 org.apache.http.client.protocol.RequestAuthCache Auth cache not set in the context
29/12/2013 12:35:22 org.apache.http.client.protocol.RequestTargetAuthentication Target auth state: UNCHALLENGED
29/12/2013 12:35:22 org.apache.http.client.protocol.RequestProxyAuthentication Proxy auth state: UNCHALLENGED
29/12/2013 12:35:22 org.apache.http.impl.client.DefaultHttpClient Attempt 1 to execute request
29/12/2013 12:35:22 org.apache.http.impl.conn.DefaultClientConnection Sending request: POST /session/b31d4ab427a8e7b646ad6ee3b81fcc2d/timeouts/implicit_wait HTTP/1.1
29/12/2013 12:35:22 org.apache.http.wire  >> "POST /session/b31d4ab427a8e7b646ad6ee3b81fcc2d/timeouts/implicit_wait HTTP/1.1[\r][\n]"
29/12/2013 12:35:22 org.apache.http.wire  >> "Accept: application/json, image/png[\r][\n]"
29/12/2013 12:35:22 org.apache.http.wire  >> "Content-Type: application/json; charset=utf-8[\r][\n]"
29/12/2013 12:35:22 org.apache.http.wire  >> "Content-Length: 11[\r][\n]"
29/12/2013 12:35:22 org.apache.http.wire  >> "Host: localhost:6629[\r][\n]"
29/12/2013 12:35:22 org.apache.http.wire  >> "Connection: Keep-Alive[\r][\n]"
29/12/2013 12:35:22 org.apache.http.wire  >> "[\r][\n]"
29/12/2013 12:35:22 org.apache.http.headers >> POST /session/b31d4ab427a8e7b646ad6ee3b81fcc2d/timeouts/implicit_wait HTTP/1.1
29/12/2013 12:35:22 org.apache.http.headers >> Accept: application/json, image/png
29/12/2013 12:35:22 org.apache.http.headers >> Content-Type: application/json; charset=utf-8
29/12/2013 12:35:22 org.apache.http.headers >> Content-Length: 11
29/12/2013 12:35:22 org.apache.http.headers >> Host: localhost:6629
29/12/2013 12:35:22 org.apache.http.headers >> Connection: Keep-Alive
29/12/2013 12:35:22 org.apache.http.wire  >> "{"ms":1000}"
29/12/2013 12:35:22 org.apache.http.wire  << "HTTP/1.1 200 OK[\r][\n]"
29/12/2013 12:35:22 org.apache.http.wire  << "Content-Length:72[\r][\n]"
29/12/2013 12:35:22 org.apache.http.wire  << "Content-Type:application/json; charset=utf-8[\r][\n]"
29/12/2013 12:35:22 org.apache.http.wire  << "Connection:close[\r][\n]"
29/12/2013 12:35:22 org.apache.http.wire  << "[\r][\n]"
29/12/2013 12:35:22 org.apache.http.impl.conn.DefaultClientConnection Receiving response: HTTP/1.1 200 OK
29/12/2013 12:35:22 org.apache.http.headers << HTTP/1.1 200 OK
29/12/2013 12:35:22 org.apache.http.headers << Content-Length:72
29/12/2013 12:35:22 org.apache.http.headers << Content-Type:application/json; charset=utf-8
29/12/2013 12:35:22 org.apache.http.headers << Connection:close
29/12/2013 12:35:22 org.apache.http.wire  << "{"sessionId":"b31d4ab427a8e7b646ad6ee3b81fcc2d","status":0,"value":null}"
29/12/2013 12:35:22 org.apache.http.impl.conn.DefaultClientConnection Connection 0.0.0.0:49193<->127.0.0.1:6629 shut down
29/12/2013 12:35:22 org.apache.http.impl.conn.tsccm.ThreadSafeClientConnManager Released connection is not reusable.
29/12/2013 12:35:22 org.apache.http.impl.conn.tsccm.ConnPoolByRoute Releasing connection [{}->http://localhost:6629][null]
29/12/2013 12:35:22 org.apache.http.impl.conn.DefaultClientConnection Connection 0.0.0.0:49193<->127.0.0.1:6629 closed
29/12/2013 12:35:22 org.apache.http.impl.conn.tsccm.ConnPoolByRoute Notifying no-one, there are no waiting threads
29/12/2013 12:35:22 org.apache.http.impl.conn.tsccm.ThreadSafeClientConnManager Get connection: {}->http://localhost:6629, timeout = 120000
29/12/2013 12:35:22 org.apache.http.impl.conn.tsccm.ConnPoolByRoute [{}->http://localhost:6629] total kept alive: 0, total issued: 0, total allocated: 0 out of 2000
29/12/2013 12:35:22 org.apache.http.impl.conn.tsccm.ConnPoolByRoute No free connections [{}->http://localhost:6629][null]
29/12/2013 12:35:22 org.apache.http.impl.conn.tsccm.ConnPoolByRoute Available capacity: 2000 out of 2000 [{}->http://localhost:6629][null]
29/12/2013 12:35:22 org.apache.http.impl.conn.tsccm.ConnPoolByRoute Creating new connection [{}->http://localhost:6629]
29/12/2013 12:35:22 org.apache.http.impl.conn.DefaultClientConnectionOperator Connecting to localhost:6629
29/12/2013 12:35:22 org.apache.http.client.protocol.RequestAddCookies CookieSpec selected: best-match
29/12/2013 12:35:22 org.apache.http.client.protocol.RequestAuthCache Auth cache not set in the context
29/12/2013 12:35:22 org.apache.http.client.protocol.RequestTargetAuthentication Target auth state: UNCHALLENGED
29/12/2013 12:35:22 org.apache.http.client.protocol.RequestProxyAuthentication Proxy auth state: UNCHALLENGED
29/12/2013 12:35:22 org.apache.http.impl.client.DefaultHttpClient Attempt 1 to execute request
29/12/2013 12:35:22 org.apache.http.impl.conn.DefaultClientConnection Sending request: POST /session/b31d4ab427a8e7b646ad6ee3b81fcc2d/elements HTTP/1.1
29/12/2013 12:35:22 org.apache.http.wire  >> "POST /session/b31d4ab427a8e7b646ad6ee3b81fcc2d/elements HTTP/1.1[\r][\n]"
29/12/2013 12:35:22 org.apache.http.wire  >> "Accept: application/json, image/png[\r][\n]"
29/12/2013 12:35:22 org.apache.http.wire  >> "Content-Type: application/json; charset=utf-8[\r][\n]"
29/12/2013 12:35:22 org.apache.http.wire  >> "Content-Length: 61[\r][\n]"
29/12/2013 12:35:22 org.apache.http.wire  >> "Host: localhost:6629[\r][\n]"
29/12/2013 12:35:22 org.apache.http.wire  >> "Connection: Keep-Alive[\r][\n]"
29/12/2013 12:35:22 org.apache.http.wire  >> "[\r][\n]"
29/12/2013 12:35:22 org.apache.http.headers >> POST /session/b31d4ab427a8e7b646ad6ee3b81fcc2d/elements HTTP/1.1
29/12/2013 12:35:22 org.apache.http.headers >> Accept: application/json, image/png
29/12/2013 12:35:22 org.apache.http.headers >> Content-Type: application/json; charset=utf-8
29/12/2013 12:35:22 org.apache.http.headers >> Content-Length: 61
29/12/2013 12:35:22 org.apache.http.headers >> Host: localhost:6629
29/12/2013 12:35:22 org.apache.http.headers >> Connection: Keep-Alive
29/12/2013 12:35:22 org.apache.http.wire  >> "{"using":"xpath","value":"//a[@href='javascript:void(0)']/i"}"
29/12/2013 12:35:23 org.apache.http.wire  << "HTTP/1.1 200 OK[\r][\n]"
29/12/2013 12:35:23 org.apache.http.wire  << "Content-Length:139[\r][\n]"
29/12/2013 12:35:23 org.apache.http.wire  << "Content-Type:application/json; charset=utf-8[\r][\n]"
29/12/2013 12:35:23 org.apache.http.wire  << "Connection:close[\r][\n]"
29/12/2013 12:35:23 org.apache.http.wire  << "[\r][\n]"
29/12/2013 12:35:23 org.apache.http.impl.conn.DefaultClientConnection Receiving response: HTTP/1.1 200 OK
29/12/2013 12:35:23 org.apache.http.headers << HTTP/1.1 200 OK
29/12/2013 12:35:23 org.apache.http.headers << Content-Length:139
29/12/2013 12:35:23 org.apache.http.headers << Content-Type:application/json; charset=utf-8
29/12/2013 12:35:23 org.apache.http.headers << Connection:close
29/12/2013 12:35:23 org.apache.http.wire  << "{"sessionId":"b31d4ab427a8e7b646ad6ee3b81fcc2d","status":0,"value":[{"ELEMENT":"0.8102839740458876-2"},{"ELEMENT":"0.8102839740458876-3"}]}"
29/12/2013 12:35:23 org.apache.http.impl.conn.DefaultClientConnection Connection 0.0.0.0:49194<->127.0.0.1:6629 shut down
29/12/2013 12:35:23 org.apache.http.impl.conn.tsccm.ThreadSafeClientConnManager Released connection is not reusable.
29/12/2013 12:35:23 org.apache.http.impl.conn.tsccm.ConnPoolByRoute Releasing connection [{}->http://localhost:6629][null]
29/12/2013 12:35:23 org.apache.http.impl.conn.DefaultClientConnection Connection 0.0.0.0:49194<->127.0.0.1:6629 closed
29/12/2013 12:35:23 org.apache.http.impl.conn.tsccm.ConnPoolByRoute Notifying no-one, there are no waiting threads
29/12/2013 12:35:23 Logger DEBUG: got number of elements: 2
29/12/2013 12:35:23 org.apache.http.impl.conn.tsccm.ThreadSafeClientConnManager Get connection: {}->http://localhost:6629, timeout = 120000
29/12/2013 12:35:23 org.apache.http.impl.conn.tsccm.ConnPoolByRoute [{}->http://localhost:6629] total kept alive: 0, total issued: 0, total allocated: 0 out of 2000
29/12/2013 12:35:23 org.apache.http.impl.conn.tsccm.ConnPoolByRoute No free connections [{}->http://localhost:6629][null]
29/12/2013 12:35:23 org.apache.http.impl.conn.tsccm.ConnPoolByRoute Available capacity: 2000 out of 2000 [{}->http://localhost:6629][null]
29/12/2013 12:35:23 org.apache.http.impl.conn.tsccm.ConnPoolByRoute Creating new connection [{}->http://localhost:6629]
29/12/2013 12:35:23 org.apache.http.impl.conn.DefaultClientConnectionOperator Connecting to localhost:6629
29/12/2013 12:35:23 org.apache.http.client.protocol.RequestAddCookies CookieSpec selected: best-match
29/12/2013 12:35:23 org.apache.http.client.protocol.RequestAuthCache Auth cache not set in the context
29/12/2013 12:35:23 org.apache.http.client.protocol.RequestTargetAuthentication Target auth state: UNCHALLENGED
29/12/2013 12:35:23 org.apache.http.client.protocol.RequestProxyAuthentication Proxy auth state: UNCHALLENGED
29/12/2013 12:35:23 org.apache.http.impl.client.DefaultHttpClient Attempt 1 to execute request
29/12/2013 12:35:23 org.apache.http.impl.conn.DefaultClientConnection Sending request: POST /session/b31d4ab427a8e7b646ad6ee3b81fcc2d/timeouts/implicit_wait HTTP/1.1
29/12/2013 12:35:23 org.apache.http.wire  >> "POST /session/b31d4ab427a8e7b646ad6ee3b81fcc2d/timeouts/implicit_wait HTTP/1.1[\r][\n]"
29/12/2013 12:35:23 org.apache.http.wire  >> "Accept: application/json, image/png[\r][\n]"
29/12/2013 12:35:23 org.apache.http.wire  >> "Content-Type: application/json; charset=utf-8[\r][\n]"
29/12/2013 12:35:23 org.apache.http.wire  >> "Content-Length: 12[\r][\n]"
29/12/2013 12:35:23 org.apache.http.wire  >> "Host: localhost:6629[\r][\n]"
29/12/2013 12:35:23 org.apache.http.wire  >> "Connection: Keep-Alive[\r][\n]"
29/12/2013 12:35:23 org.apache.http.wire  >> "[\r][\n]"
29/12/2013 12:35:23 org.apache.http.headers >> POST /session/b31d4ab427a8e7b646ad6ee3b81fcc2d/timeouts/implicit_wait HTTP/1.1
29/12/2013 12:35:23 org.apache.http.headers >> Accept: application/json, image/png
29/12/2013 12:35:23 org.apache.http.headers >> Content-Type: application/json; charset=utf-8
29/12/2013 12:35:23 org.apache.http.headers >> Content-Length: 12
29/12/2013 12:35:23 org.apache.http.headers >> Host: localhost:6629
29/12/2013 12:35:23 org.apache.http.headers >> Connection: Keep-Alive
29/12/2013 12:35:23 org.apache.http.wire  >> "{"ms":30000}"
29/12/2013 12:35:23 org.apache.http.wire  << "HTTP/1.1 200 OK[\r][\n]"
29/12/2013 12:35:23 org.apache.http.wire  << "Content-Length:72[\r][\n]"
29/12/2013 12:35:23 org.apache.http.wire  << "Content-Type:application/json; charset=utf-8[\r][\n]"
29/12/2013 12:35:23 org.apache.http.wire  << "Connection:close[\r][\n]"
29/12/2013 12:35:23 org.apache.http.wire  << "[\r][\n]"
29/12/2013 12:35:23 org.apache.http.impl.conn.DefaultClientConnection Receiving response: HTTP/1.1 200 OK
29/12/2013 12:35:23 org.apache.http.headers << HTTP/1.1 200 OK
29/12/2013 12:35:23 org.apache.http.headers << Content-Length:72
29/12/2013 12:35:23 org.apache.http.headers << Content-Type:application/json; charset=utf-8
29/12/2013 12:35:23 org.apache.http.headers << Connection:close
29/12/2013 12:35:23 org.apache.http.wire  << "{"sessionId":"b31d4ab427a8e7b646ad6ee3b81fcc2d","status":0,"value":null}"
29/12/2013 12:35:23 org.apache.http.impl.conn.DefaultClientConnection Connection 0.0.0.0:49195<->127.0.0.1:6629 shut down
29/12/2013 12:35:23 org.apache.http.impl.conn.tsccm.ThreadSafeClientConnManager Released connection is not reusable.
29/12/2013 12:35:23 org.apache.http.impl.conn.tsccm.ConnPoolByRoute Releasing connection [{}->http://localhost:6629][null]
29/12/2013 12:35:23 org.apache.http.impl.conn.DefaultClientConnection Connection 0.0.0.0:49195<->127.0.0.1:6629 closed
29/12/2013 12:35:23 org.apache.http.impl.conn.tsccm.ConnPoolByRoute Notifying no-one, there are no waiting threads
29/12/2013 12:35:23 org.apache.http.impl.conn.tsccm.ThreadSafeClientConnManager Get connection: {}->http://localhost:6629, timeout = 120000
29/12/2013 12:35:23 org.apache.http.impl.conn.tsccm.ConnPoolByRoute [{}->http://localhost:6629] total kept alive: 0, total issued: 0, total allocated: 0 out of 2000
29/12/2013 12:35:23 org.apache.http.impl.conn.tsccm.ConnPoolByRoute No free connections [{}->http://localhost:6629][null]
29/12/2013 12:35:23 org.apache.http.impl.conn.tsccm.ConnPoolByRoute Available capacity: 2000 out of 2000 [{}->http://localhost:6629][null]
29/12/2013 12:35:23 org.apache.http.impl.conn.tsccm.ConnPoolByRoute Creating new connection [{}->http://localhost:6629]
29/12/2013 12:35:23 org.apache.http.impl.conn.DefaultClientConnectionOperator Connecting to localhost:6629
29/12/2013 12:35:23 org.apache.http.client.protocol.RequestAddCookies CookieSpec selected: best-match
29/12/2013 12:35:23 org.apache.http.client.protocol.RequestAuthCache Auth cache not set in the context
29/12/2013 12:35:23 org.apache.http.client.protocol.RequestTargetAuthentication Target auth state: UNCHALLENGED
29/12/2013 12:35:23 org.apache.http.client.protocol.RequestProxyAuthentication Proxy auth state: UNCHALLENGED
29/12/2013 12:35:23 org.apache.http.impl.client.DefaultHttpClient Attempt 1 to execute request
29/12/2013 12:35:23 org.apache.http.impl.conn.DefaultClientConnection Sending request: POST /session/b31d4ab427a8e7b646ad6ee3b81fcc2d/element HTTP/1.1
29/12/2013 12:35:23 org.apache.http.wire  >> "POST /session/b31d4ab427a8e7b646ad6ee3b81fcc2d/element HTTP/1.1[\r][\n]"
29/12/2013 12:35:23 org.apache.http.wire  >> "Accept: application/json, image/png[\r][\n]"
29/12/2013 12:35:23 org.apache.http.wire  >> "Content-Type: application/json; charset=utf-8[\r][\n]"
29/12/2013 12:35:23 org.apache.http.wire  >> "Content-Length: 61[\r][\n]"
29/12/2013 12:35:23 org.apache.http.wire  >> "Host: localhost:6629[\r][\n]"
29/12/2013 12:35:23 org.apache.http.wire  >> "Connection: Keep-Alive[\r][\n]"
29/12/2013 12:35:23 org.apache.http.wire  >> "[\r][\n]"
29/12/2013 12:35:23 org.apache.http.headers >> POST /session/b31d4ab427a8e7b646ad6ee3b81fcc2d/element HTTP/1.1
29/12/2013 12:35:23 org.apache.http.headers >> Accept: application/json, image/png
29/12/2013 12:35:23 org.apache.http.headers >> Content-Type: application/json; charset=utf-8
29/12/2013 12:35:23 org.apache.http.headers >> Content-Length: 61
29/12/2013 12:35:23 org.apache.http.headers >> Host: localhost:6629
29/12/2013 12:35:23 org.apache.http.headers >> Connection: Keep-Alive
29/12/2013 12:35:23 org.apache.http.wire  >> "{"using":"xpath","value":"//a[@href='javascript:void(0)']/i"}"
29/12/2013 12:35:23 org.apache.http.wire  << "HTTP/1.1 200 OK[\r][\n]"
29/12/2013 12:35:23 org.apache.http.wire  << "Content-Length:102[\r][\n]"
29/12/2013 12:35:23 org.apache.http.wire  << "Content-Type:application/json; charset=utf-8[\r][\n]"
29/12/2013 12:35:23 org.apache.http.wire  << "Connection:close[\r][\n]"
29/12/2013 12:35:23 org.apache.http.wire  << "[\r][\n]"
29/12/2013 12:35:23 org.apache.http.impl.conn.DefaultClientConnection Receiving response: HTTP/1.1 200 OK
29/12/2013 12:35:23 org.apache.http.headers << HTTP/1.1 200 OK
29/12/2013 12:35:23 org.apache.http.headers << Content-Length:102
29/12/2013 12:35:23 org.apache.http.headers << Content-Type:application/json; charset=utf-8
29/12/2013 12:35:23 org.apache.http.headers << Connection:close
29/12/2013 12:35:23 org.apache.http.wire  << "{"sessionId":"b31d4ab427a8e7b646ad6ee3b81fcc2d","status":0,"value":{"ELEMENT":"0.8102839740458876-2"}}"
29/12/2013 12:35:23 org.apache.http.impl.conn.DefaultClientConnection Connection 0.0.0.0:49196<->127.0.0.1:6629 shut down
29/12/2013 12:35:23 org.apache.http.impl.conn.tsccm.ThreadSafeClientConnManager Released connection is not reusable.
29/12/2013 12:35:23 org.apache.http.impl.conn.tsccm.ConnPoolByRoute Releasing connection [{}->http://localhost:6629][null]
29/12/2013 12:35:23 org.apache.http.impl.conn.DefaultClientConnection Connection 0.0.0.0:49196<->127.0.0.1:6629 closed
29/12/2013 12:35:23 org.apache.http.impl.conn.tsccm.ConnPoolByRoute Notifying no-one, there are no waiting threads
29/12/2013 12:35:23 org.apache.http.impl.conn.tsccm.ThreadSafeClientConnManager Get connection: {}->http://localhost:6629, timeout = 120000
29/12/2013 12:35:23 org.apache.http.impl.conn.tsccm.ConnPoolByRoute [{}->http://localhost:6629] total kept alive: 0, total issued: 0, total allocated: 0 out of 2000
29/12/2013 12:35:23 org.apache.http.impl.conn.tsccm.ConnPoolByRoute No free connections [{}->http://localhost:6629][null]
29/12/2013 12:35:23 org.apache.http.impl.conn.tsccm.ConnPoolByRoute Available capacity: 2000 out of 2000 [{}->http://localhost:6629][null]
29/12/2013 12:35:23 org.apache.http.impl.conn.tsccm.ConnPoolByRoute Creating new connection [{}->http://localhost:6629]
29/12/2013 12:35:23 org.apache.http.impl.conn.DefaultClientConnectionOperator Connecting to localhost:6629
29/12/2013 12:35:23 org.apache.http.client.protocol.RequestAddCookies CookieSpec selected: best-match
29/12/2013 12:35:23 org.apache.http.client.protocol.RequestAuthCache Auth cache not set in the context
29/12/2013 12:35:23 org.apache.http.client.protocol.RequestTargetAuthentication Target auth state: UNCHALLENGED
29/12/2013 12:35:23 org.apache.http.client.protocol.RequestProxyAuthentication Proxy auth state: UNCHALLENGED
29/12/2013 12:35:23 org.apache.http.impl.client.DefaultHttpClient Attempt 1 to execute request
29/12/2013 12:35:23 org.apache.http.impl.conn.DefaultClientConnection Sending request: POST /session/b31d4ab427a8e7b646ad6ee3b81fcc2d/element/0.8102839740458876-2/click HTTP/1.1
29/12/2013 12:35:23 org.apache.http.wire  >> "POST /session/b31d4ab427a8e7b646ad6ee3b81fcc2d/element/0.8102839740458876-2/click HTTP/1.1[\r][\n]"
29/12/2013 12:35:23 org.apache.http.wire  >> "Accept: application/json, image/png[\r][\n]"
29/12/2013 12:35:23 org.apache.http.wire  >> "Content-Type: application/json; charset=utf-8[\r][\n]"
29/12/2013 12:35:23 org.apache.http.wire  >> "Content-Length: 29[\r][\n]"
29/12/2013 12:35:23 org.apache.http.wire  >> "Host: localhost:6629[\r][\n]"
29/12/2013 12:35:23 org.apache.http.wire  >> "Connection: Keep-Alive[\r][\n]"
29/12/2013 12:35:23 org.apache.http.wire  >> "[\r][\n]"
29/12/2013 12:35:23 org.apache.http.headers >> POST /session/b31d4ab427a8e7b646ad6ee3b81fcc2d/element/0.8102839740458876-2/click HTTP/1.1
29/12/2013 12:35:23 org.apache.http.headers >> Accept: application/json, image/png
29/12/2013 12:35:23 org.apache.http.headers >> Content-Type: application/json; charset=utf-8
29/12/2013 12:35:23 org.apache.http.headers >> Content-Length: 29
29/12/2013 12:35:23 org.apache.http.headers >> Host: localhost:6629
29/12/2013 12:35:23 org.apache.http.headers >> Connection: Keep-Alive
29/12/2013 12:35:23 org.apache.http.wire  >> "{"id":"0.8102839740458876-2"}"
29/12/2013 12:35:23 org.apache.http.wire  << "HTTP/1.1 200 OK[\r][\n]"
29/12/2013 12:35:23 org.apache.http.wire  << "Content-Length:72[\r][\n]"
29/12/2013 12:35:23 org.apache.http.wire  << "Content-Type:application/json; charset=utf-8[\r][\n]"
29/12/2013 12:35:23 org.apache.http.wire  << "Connection:close[\r][\n]"
29/12/2013 12:35:23 org.apache.http.wire  << "[\r][\n]"
29/12/2013 12:35:23 org.apache.http.impl.conn.DefaultClientConnection Receiving response: HTTP/1.1 200 OK
29/12/2013 12:35:23 org.apache.http.headers << HTTP/1.1 200 OK
29/12/2013 12:35:23 org.apache.http.headers << Content-Length:72
29/12/2013 12:35:23 org.apache.http.headers << Content-Type:application/json; charset=utf-8
29/12/2013 12:35:23 org.apache.http.headers << Connection:close
29/12/2013 12:35:23 org.apache.http.wire  << "{"sessionId":"b31d4ab427a8e7b646ad6ee3b81fcc2d","status":0,"value":null}"
29/12/2013 12:35:23 org.apache.http.impl.conn.DefaultClientConnection Connection 0.0.0.0:49197<->127.0.0.1:6629 shut down
29/12/2013 12:35:23 org.apache.http.impl.conn.tsccm.ThreadSafeClientConnManager Released connection is not reusable.
29/12/2013 12:35:23 org.apache.http.impl.conn.tsccm.ConnPoolByRoute Releasing connection [{}->http://localhost:6629][null]
29/12/2013 12:35:23 org.apache.http.impl.conn.DefaultClientConnection Connection 0.0.0.0:49197<->127.0.0.1:6629 closed
29/12/2013 12:35:23 org.apache.http.impl.conn.tsccm.ConnPoolByRoute Notifying no-one, there are no waiting threads
29/12/2013 12:35:23 org.apache.http.impl.conn.tsccm.ThreadSafeClientConnManager Get connection: {}->http://localhost:6629, timeout = 120000
29/12/2013 12:35:23 org.apache.http.impl.conn.tsccm.ConnPoolByRoute [{}->http://localhost:6629] total kept alive: 0, total issued: 0, total allocated: 0 out of 2000
29/12/2013 12:35:23 org.apache.http.impl.conn.tsccm.ConnPoolByRoute No free connections [{}->http://localhost:6629][null]
29/12/2013 12:35:23 org.apache.http.impl.conn.tsccm.ConnPoolByRoute Available capacity: 2000 out of 2000 [{}->http://localhost:6629][null]
29/12/2013 12:35:23 org.apache.http.impl.conn.tsccm.ConnPoolByRoute Creating new connection [{}->http://localhost:6629]
29/12/2013 12:35:23 org.apache.http.impl.conn.DefaultClientConnectionOperator Connecting to localhost:6629
29/12/2013 12:35:23 org.apache.http.client.protocol.RequestAddCookies CookieSpec selected: best-match
29/12/2013 12:35:23 org.apache.http.client.protocol.RequestAuthCache Auth cache not set in the context
29/12/2013 12:35:23 org.apache.http.client.protocol.RequestTargetAuthentication Target auth state: UNCHALLENGED
29/12/2013 12:35:23 org.apache.http.client.protocol.RequestProxyAuthentication Proxy auth state: UNCHALLENGED
29/12/2013 12:35:23 org.apache.http.impl.client.DefaultHttpClient Attempt 1 to execute request
29/12/2013 12:35:23 org.apache.http.impl.conn.DefaultClientConnection Sending request: POST /session/b31d4ab427a8e7b646ad6ee3b81fcc2d/element HTTP/1.1
29/12/2013 12:35:23 org.apache.http.wire  >> "POST /session/b31d4ab427a8e7b646ad6ee3b81fcc2d/element HTTP/1.1[\r][\n]"
29/12/2013 12:35:23 org.apache.http.wire  >> "Accept: application/json, image/png[\r][\n]"
29/12/2013 12:35:23 org.apache.http.wire  >> "Content-Type: application/json; charset=utf-8[\r][\n]"
29/12/2013 12:35:23 org.apache.http.wire  >> "Content-Length: 49[\r][\n]"
29/12/2013 12:35:23 org.apache.http.wire  >> "Host: localhost:6629[\r][\n]"
29/12/2013 12:35:23 org.apache.http.wire  >> "Connection: Keep-Alive[\r][\n]"
29/12/2013 12:35:23 org.apache.http.wire  >> "[\r][\n]"
29/12/2013 12:35:23 org.apache.http.headers >> POST /session/b31d4ab427a8e7b646ad6ee3b81fcc2d/element HTTP/1.1
29/12/2013 12:35:23 org.apache.http.headers >> Accept: application/json, image/png
29/12/2013 12:35:23 org.apache.http.headers >> Content-Type: application/json; charset=utf-8
29/12/2013 12:35:23 org.apache.http.headers >> Content-Length: 49
29/12/2013 12:35:23 org.apache.http.headers >> Host: localhost:6629
29/12/2013 12:35:23 org.apache.http.headers >> Connection: Keep-Alive
29/12/2013 12:35:23 org.apache.http.wire  >> "{"using":"xpath","value":"//div[4]/div/div/span"}"
29/12/2013 12:35:23 org.apache.http.wire  << "HTTP/1.1 200 OK[\r][\n]"
29/12/2013 12:35:23 org.apache.http.wire  << "Content-Length:102[\r][\n]"
29/12/2013 12:35:23 org.apache.http.wire  << "Content-Type:application/json; charset=utf-8[\r][\n]"
29/12/2013 12:35:23 org.apache.http.wire  << "Connection:close[\r][\n]"
29/12/2013 12:35:23 org.apache.http.wire  << "[\r][\n]"
29/12/2013 12:35:23 org.apache.http.impl.conn.DefaultClientConnection Receiving response: HTTP/1.1 200 OK
29/12/2013 12:35:23 org.apache.http.headers << HTTP/1.1 200 OK
29/12/2013 12:35:23 org.apache.http.headers << Content-Length:102
29/12/2013 12:35:23 org.apache.http.headers << Content-Type:application/json; charset=utf-8
29/12/2013 12:35:23 org.apache.http.headers << Connection:close
29/12/2013 12:35:23 org.apache.http.wire  << "{"sessionId":"b31d4ab427a8e7b646ad6ee3b81fcc2d","status":0,"value":{"ELEMENT":"0.8102839740458876-4"}}"
29/12/2013 12:35:23 org.apache.http.impl.conn.DefaultClientConnection Connection 0.0.0.0:49198<->127.0.0.1:6629 shut down
29/12/2013 12:35:23 org.apache.http.impl.conn.tsccm.ThreadSafeClientConnManager Released connection is not reusable.
29/12/2013 12:35:23 org.apache.http.impl.conn.tsccm.ConnPoolByRoute Releasing connection [{}->http://localhost:6629][null]
29/12/2013 12:35:23 org.apache.http.impl.conn.DefaultClientConnection Connection 0.0.0.0:49198<->127.0.0.1:6629 closed
29/12/2013 12:35:23 org.apache.http.impl.conn.tsccm.ConnPoolByRoute Notifying no-one, there are no waiting threads
29/12/2013 12:35:23 org.apache.http.impl.conn.tsccm.ThreadSafeClientConnManager Get connection: {}->http://localhost:6629, timeout = 120000
29/12/2013 12:35:23 org.apache.http.impl.conn.tsccm.ConnPoolByRoute [{}->http://localhost:6629] total kept alive: 0, total issued: 0, total allocated: 0 out of 2000
29/12/2013 12:35:23 org.apache.http.impl.conn.tsccm.ConnPoolByRoute No free connections [{}->http://localhost:6629][null]
29/12/2013 12:35:23 org.apache.http.impl.conn.tsccm.ConnPoolByRoute Available capacity: 2000 out of 2000 [{}->http://localhost:6629][null]
29/12/2013 12:35:23 org.apache.http.impl.conn.tsccm.ConnPoolByRoute Creating new connection [{}->http://localhost:6629]
29/12/2013 12:35:23 org.apache.http.impl.conn.DefaultClientConnectionOperator Connecting to localhost:6629
29/12/2013 12:35:23 org.apache.http.client.protocol.RequestAddCookies CookieSpec selected: best-match
29/12/2013 12:35:23 org.apache.http.client.protocol.RequestAuthCache Auth cache not set in the context
29/12/2013 12:35:23 org.apache.http.client.protocol.RequestTargetAuthentication Target auth state: UNCHALLENGED
29/12/2013 12:35:23 org.apache.http.client.protocol.RequestProxyAuthentication Proxy auth state: UNCHALLENGED
29/12/2013 12:35:23 org.apache.http.impl.client.DefaultHttpClient Attempt 1 to execute request
29/12/2013 12:35:23 org.apache.http.impl.conn.DefaultClientConnection Sending request: GET /session/b31d4ab427a8e7b646ad6ee3b81fcc2d/element/0.8102839740458876-4/displayed HTTP/1.1
29/12/2013 12:35:23 org.apache.http.wire  >> "GET /session/b31d4ab427a8e7b646ad6ee3b81fcc2d/element/0.8102839740458876-4/displayed HTTP/1.1[\r][\n]"
29/12/2013 12:35:23 org.apache.http.wire  >> "Accept: application/json, image/png[\r][\n]"
29/12/2013 12:35:23 org.apache.http.wire  >> "Cache-Control: no-cache[\r][\n]"
29/12/2013 12:35:23 org.apache.http.wire  >> "Host: localhost:6629[\r][\n]"
29/12/2013 12:35:23 org.apache.http.wire  >> "Connection: Keep-Alive[\r][\n]"
29/12/2013 12:35:23 org.apache.http.wire  >> "[\r][\n]"
29/12/2013 12:35:23 org.apache.http.headers >> GET /session/b31d4ab427a8e7b646ad6ee3b81fcc2d/element/0.8102839740458876-4/displayed HTTP/1.1
29/12/2013 12:35:23 org.apache.http.headers >> Accept: application/json, image/png
29/12/2013 12:35:23 org.apache.http.headers >> Cache-Control: no-cache
29/12/2013 12:35:23 org.apache.http.headers >> Host: localhost:6629
29/12/2013 12:35:23 org.apache.http.headers >> Connection: Keep-Alive
29/12/2013 12:35:23 org.apache.http.wire  << "HTTP/1.1 200 OK[\r][\n]"
29/12/2013 12:35:23 org.apache.http.wire  << "Content-Length:73[\r][\n]"
29/12/2013 12:35:23 org.apache.http.wire  << "Content-Type:application/json; charset=utf-8[\r][\n]"
29/12/2013 12:35:23 org.apache.http.wire  << "Connection:close[\r][\n]"
29/12/2013 12:35:23 org.apache.http.wire  << "[\r][\n]"
29/12/2013 12:35:23 org.apache.http.impl.conn.DefaultClientConnection Receiving response: HTTP/1.1 200 OK
29/12/2013 12:35:23 org.apache.http.headers << HTTP/1.1 200 OK
29/12/2013 12:35:23 org.apache.http.headers << Content-Length:73
29/12/2013 12:35:23 org.apache.http.headers << Content-Type:application/json; charset=utf-8
29/12/2013 12:35:23 org.apache.http.headers << Connection:close
29/12/2013 12:35:23 org.apache.http.wire  << "{"sessionId":"b31d4ab427a8e7b646ad6ee3b81fcc2d","status":0,"value":false}"
29/12/2013 12:35:23 org.apache.http.impl.conn.DefaultClientConnection Connection 0.0.0.0:49199<->127.0.0.1:6629 shut down
29/12/2013 12:35:23 org.apache.http.impl.conn.tsccm.ThreadSafeClientConnManager Released connection is not reusable.
29/12/2013 12:35:23 org.apache.http.impl.conn.tsccm.ConnPoolByRoute Releasing connection [{}->http://localhost:6629][null]
29/12/2013 12:35:23 org.apache.http.impl.conn.DefaultClientConnection Connection 0.0.0.0:49199<->127.0.0.1:6629 closed
29/12/2013 12:35:23 org.apache.http.impl.conn.tsccm.ConnPoolByRoute Notifying no-one, there are no waiting threads
29/12/2013 12:35:23 org.apache.http.impl.conn.tsccm.ThreadSafeClientConnManager Get connection: {}->http://localhost:6629, timeout = 120000
29/12/2013 12:35:23 org.apache.http.impl.conn.tsccm.ConnPoolByRoute [{}->http://localhost:6629] total kept alive: 0, total issued: 0, total allocated: 0 out of 2000
29/12/2013 12:35:23 org.apache.http.impl.conn.tsccm.ConnPoolByRoute No free connections [{}->http://localhost:6629][null]
29/12/2013 12:35:23 org.apache.http.impl.conn.tsccm.ConnPoolByRoute Available capacity: 2000 out of 2000 [{}->http://localhost:6629][null]
29/12/2013 12:35:23 org.apache.http.impl.conn.tsccm.ConnPoolByRoute Creating new connection [{}->http://localhost:6629]
29/12/2013 12:35:23 org.apache.http.impl.conn.DefaultClientConnectionOperator Connecting to localhost:6629
29/12/2013 12:35:23 org.apache.http.client.protocol.RequestAddCookies CookieSpec selected: best-match
29/12/2013 12:35:23 org.apache.http.client.protocol.RequestAuthCache Auth cache not set in the context
29/12/2013 12:35:23 org.apache.http.client.protocol.RequestTargetAuthentication Target auth state: UNCHALLENGED
29/12/2013 12:35:23 org.apache.http.client.protocol.RequestProxyAuthentication Proxy auth state: UNCHALLENGED
29/12/2013 12:35:23 org.apache.http.impl.client.DefaultHttpClient Attempt 1 to execute request
29/12/2013 12:35:23 org.apache.http.impl.conn.DefaultClientConnection Sending request: POST /session/b31d4ab427a8e7b646ad6ee3b81fcc2d/element HTTP/1.1
29/12/2013 12:35:23 org.apache.http.wire  >> "POST /session/b31d4ab427a8e7b646ad6ee3b81fcc2d/element HTTP/1.1[\r][\n]"
29/12/2013 12:35:23 org.apache.http.wire  >> "Accept: application/json, image/png[\r][\n]"
29/12/2013 12:35:23 org.apache.http.wire  >> "Content-Type: application/json; charset=utf-8[\r][\n]"
29/12/2013 12:35:23 org.apache.http.wire  >> "Content-Length: 49[\r][\n]"
29/12/2013 12:35:23 org.apache.http.wire  >> "Host: localhost:6629[\r][\n]"
29/12/2013 12:35:23 org.apache.http.wire  >> "Connection: Keep-Alive[\r][\n]"
29/12/2013 12:35:23 org.apache.http.wire  >> "[\r][\n]"
29/12/2013 12:35:23 org.apache.http.headers >> POST /session/b31d4ab427a8e7b646ad6ee3b81fcc2d/element HTTP/1.1
29/12/2013 12:35:23 org.apache.http.headers >> Accept: application/json, image/png
29/12/2013 12:35:23 org.apache.http.headers >> Content-Type: application/json; charset=utf-8
29/12/2013 12:35:23 org.apache.http.headers >> Content-Length: 49
29/12/2013 12:35:23 org.apache.http.headers >> Host: localhost:6629
29/12/2013 12:35:23 org.apache.http.headers >> Connection: Keep-Alive
29/12/2013 12:35:23 org.apache.http.wire  >> "{"using":"xpath","value":"//div[4]/div/div/span"}"
29/12/2013 12:35:23 org.apache.http.wire  << "HTTP/1.1 200 OK[\r][\n]"
29/12/2013 12:35:23 org.apache.http.wire  << "Content-Length:102[\r][\n]"
29/12/2013 12:35:23 org.apache.http.wire  << "Content-Type:application/json; charset=utf-8[\r][\n]"
29/12/2013 12:35:23 org.apache.http.wire  << "Connection:close[\r][\n]"
29/12/2013 12:35:23 org.apache.http.wire  << "[\r][\n]"
29/12/2013 12:35:23 org.apache.http.impl.conn.DefaultClientConnection Receiving response: HTTP/1.1 200 OK
29/12/2013 12:35:23 org.apache.http.headers << HTTP/1.1 200 OK
29/12/2013 12:35:23 org.apache.http.headers << Content-Length:102
29/12/2013 12:35:23 org.apache.http.headers << Content-Type:application/json; charset=utf-8
29/12/2013 12:35:23 org.apache.http.headers << Connection:close
29/12/2013 12:35:23 org.apache.http.wire  << "{"sessionId":"b31d4ab427a8e7b646ad6ee3b81fcc2d","status":0,"value":{"ELEMENT":"0.8102839740458876-4"}}"
29/12/2013 12:35:23 org.apache.http.impl.conn.DefaultClientConnection Connection 0.0.0.0:49200<->127.0.0.1:6629 shut down
29/12/2013 12:35:23 org.apache.http.impl.conn.tsccm.ThreadSafeClientConnManager Released connection is not reusable.
29/12/2013 12:35:23 org.apache.http.impl.conn.tsccm.ConnPoolByRoute Releasing connection [{}->http://localhost:6629][null]
29/12/2013 12:35:23 org.apache.http.impl.conn.DefaultClientConnection Connection 0.0.0.0:49200<->127.0.0.1:6629 closed
29/12/2013 12:35:23 org.apache.http.impl.conn.tsccm.ConnPoolByRoute Notifying no-one, there are no waiting threads
29/12/2013 12:35:23 org.apache.http.impl.conn.tsccm.ThreadSafeClientConnManager Get connection: {}->http://localhost:6629, timeout = 120000
29/12/2013 12:35:23 org.apache.http.impl.conn.tsccm.ConnPoolByRoute [{}->http://localhost:6629] total kept alive: 0, total issued: 0, total allocated: 0 out of 2000
29/12/2013 12:35:23 org.apache.http.impl.conn.tsccm.ConnPoolByRoute No free connections [{}->http://localhost:6629][null]
29/12/2013 12:35:23 org.apache.http.impl.conn.tsccm.ConnPoolByRoute Available capacity: 2000 out of 2000 [{}->http://localhost:6629][null]
29/12/2013 12:35:23 org.apache.http.impl.conn.tsccm.ConnPoolByRoute Creating new connection [{}->http://localhost:6629]
29/12/2013 12:35:23 org.apache.http.impl.conn.DefaultClientConnectionOperator Connecting to localhost:6629
29/12/2013 12:35:23 org.apache.http.client.protocol.RequestAddCookies CookieSpec selected: best-match
29/12/2013 12:35:23 org.apache.http.client.protocol.RequestAuthCache Auth cache not set in the context
29/12/2013 12:35:23 org.apache.http.client.protocol.RequestTargetAuthentication Target auth state: UNCHALLENGED
29/12/2013 12:35:23 org.apache.http.client.protocol.RequestProxyAuthentication Proxy auth state: UNCHALLENGED
29/12/2013 12:35:23 org.apache.http.impl.client.DefaultHttpClient Attempt 1 to execute request
29/12/2013 12:35:23 org.apache.http.impl.conn.DefaultClientConnection Sending request: GET /session/b31d4ab427a8e7b646ad6ee3b81fcc2d/element/0.8102839740458876-4/displayed HTTP/1.1
29/12/2013 12:35:23 org.apache.http.wire  >> "GET /session/b31d4ab427a8e7b646ad6ee3b81fcc2d/element/0.8102839740458876-4/displayed HTTP/1.1[\r][\n]"
29/12/2013 12:35:23 org.apache.http.wire  >> "Accept: application/json, image/png[\r][\n]"
29/12/2013 12:35:23 org.apache.http.wire  >> "Cache-Control: no-cache[\r][\n]"
29/12/2013 12:35:23 org.apache.http.wire  >> "Host: localhost:6629[\r][\n]"
29/12/2013 12:35:23 org.apache.http.wire  >> "Connection: Keep-Alive[\r][\n]"
29/12/2013 12:35:23 org.apache.http.wire  >> "[\r][\n]"
29/12/2013 12:35:23 org.apache.http.headers >> GET /session/b31d4ab427a8e7b646ad6ee3b81fcc2d/element/0.8102839740458876-4/displayed HTTP/1.1
29/12/2013 12:35:23 org.apache.http.headers >> Accept: application/json, image/png
29/12/2013 12:35:23 org.apache.http.headers >> Cache-Control: no-cache
29/12/2013 12:35:23 org.apache.http.headers >> Host: localhost:6629
29/12/2013 12:35:23 org.apache.http.headers >> Connection: Keep-Alive
29/12/2013 12:35:23 org.apache.http.wire  << "HTTP/1.1 200 OK[\r][\n]"
29/12/2013 12:35:23 org.apache.http.wire  << "Content-Length:72[\r][\n]"
29/12/2013 12:35:23 org.apache.http.wire  << "Content-Type:application/json; charset=utf-8[\r][\n]"
29/12/2013 12:35:23 org.apache.http.wire  << "Connection:close[\r][\n]"
29/12/2013 12:35:23 org.apache.http.wire  << "[\r][\n]"
29/12/2013 12:35:23 org.apache.http.impl.conn.DefaultClientConnection Receiving response: HTTP/1.1 200 OK
29/12/2013 12:35:23 org.apache.http.headers << HTTP/1.1 200 OK
29/12/2013 12:35:23 org.apache.http.headers << Content-Length:72
29/12/2013 12:35:23 org.apache.http.headers << Content-Type:application/json; charset=utf-8
29/12/2013 12:35:23 org.apache.http.headers << Connection:close
29/12/2013 12:35:23 org.apache.http.wire  << "{"sessionId":"b31d4ab427a8e7b646ad6ee3b81fcc2d","status":0,"value":true}"
29/12/2013 12:35:23 org.apache.http.impl.conn.DefaultClientConnection Connection 0.0.0.0:49201<->127.0.0.1:6629 shut down
29/12/2013 12:35:23 org.apache.http.impl.conn.tsccm.ThreadSafeClientConnManager Released connection is not reusable.
29/12/2013 12:35:23 org.apache.http.impl.conn.tsccm.ConnPoolByRoute Releasing connection [{}->http://localhost:6629][null]
29/12/2013 12:35:23 org.apache.http.impl.conn.DefaultClientConnection Connection 0.0.0.0:49201<->127.0.0.1:6629 closed
29/12/2013 12:35:23 org.apache.http.impl.conn.tsccm.ConnPoolByRoute Notifying no-one, there are no waiting threads
29/12/2013 12:35:23 org.apache.http.impl.conn.tsccm.ThreadSafeClientConnManager Get connection: {}->http://localhost:6629, timeout = 120000
29/12/2013 12:35:23 org.apache.http.impl.conn.tsccm.ConnPoolByRoute [{}->http://localhost:6629] total kept alive: 0, total issued: 0, total allocated: 0 out of 2000
29/12/2013 12:35:23 org.apache.http.impl.conn.tsccm.ConnPoolByRoute No free connections [{}->http://localhost:6629][null]
29/12/2013 12:35:23 org.apache.http.impl.conn.tsccm.ConnPoolByRoute Available capacity: 2000 out of 2000 [{}->http://localhost:6629][null]
29/12/2013 12:35:23 org.apache.http.impl.conn.tsccm.ConnPoolByRoute Creating new connection [{}->http://localhost:6629]
29/12/2013 12:35:23 org.apache.http.impl.conn.DefaultClientConnectionOperator Connecting to localhost:6629
29/12/2013 12:35:23 org.apache.http.client.protocol.RequestAddCookies CookieSpec selected: best-match
29/12/2013 12:35:23 org.apache.http.client.protocol.RequestAuthCache Auth cache not set in the context
29/12/2013 12:35:23 org.apache.http.client.protocol.RequestTargetAuthentication Target auth state: UNCHALLENGED
29/12/2013 12:35:23 org.apache.http.client.protocol.RequestProxyAuthentication Proxy auth state: UNCHALLENGED
29/12/2013 12:35:23 org.apache.http.impl.client.DefaultHttpClient Attempt 1 to execute request
29/12/2013 12:35:23 org.apache.http.impl.conn.DefaultClientConnection Sending request: POST /session/b31d4ab427a8e7b646ad6ee3b81fcc2d/element HTTP/1.1
29/12/2013 12:35:23 org.apache.http.wire  >> "POST /session/b31d4ab427a8e7b646ad6ee3b81fcc2d/element HTTP/1.1[\r][\n]"
29/12/2013 12:35:23 org.apache.http.wire  >> "Accept: application/json, image/png[\r][\n]"
29/12/2013 12:35:23 org.apache.http.wire  >> "Content-Type: application/json; charset=utf-8[\r][\n]"
29/12/2013 12:35:23 org.apache.http.wire  >> "Content-Length: 49[\r][\n]"
29/12/2013 12:35:23 org.apache.http.wire  >> "Host: localhost:6629[\r][\n]"
29/12/2013 12:35:23 org.apache.http.wire  >> "Connection: Keep-Alive[\r][\n]"
29/12/2013 12:35:23 org.apache.http.wire  >> "[\r][\n]"
29/12/2013 12:35:23 org.apache.http.headers >> POST /session/b31d4ab427a8e7b646ad6ee3b81fcc2d/element HTTP/1.1
29/12/2013 12:35:23 org.apache.http.headers >> Accept: application/json, image/png
29/12/2013 12:35:23 org.apache.http.headers >> Content-Type: application/json; charset=utf-8
29/12/2013 12:35:23 org.apache.http.headers >> Content-Length: 49
29/12/2013 12:35:23 org.apache.http.headers >> Host: localhost:6629
29/12/2013 12:35:23 org.apache.http.headers >> Connection: Keep-Alive
29/12/2013 12:35:23 org.apache.http.wire  >> "{"using":"xpath","value":"//div[4]/div/div/span"}"
29/12/2013 12:35:23 org.apache.http.wire  << "HTTP/1.1 200 OK[\r][\n]"
29/12/2013 12:35:23 org.apache.http.wire  << "Content-Length:102[\r][\n]"
29/12/2013 12:35:23 org.apache.http.wire  << "Content-Type:application/json; charset=utf-8[\r][\n]"
29/12/2013 12:35:23 org.apache.http.wire  << "Connection:close[\r][\n]"
29/12/2013 12:35:23 org.apache.http.wire  << "[\r][\n]"
29/12/2013 12:35:23 org.apache.http.impl.conn.DefaultClientConnection Receiving response: HTTP/1.1 200 OK
29/12/2013 12:35:23 org.apache.http.headers << HTTP/1.1 200 OK
29/12/2013 12:35:23 org.apache.http.headers << Content-Length:102
29/12/2013 12:35:23 org.apache.http.headers << Content-Type:application/json; charset=utf-8
29/12/2013 12:35:23 org.apache.http.headers << Connection:close
29/12/2013 12:35:23 org.apache.http.wire  << "{"sessionId":"b31d4ab427a8e7b646ad6ee3b81fcc2d","status":0,"value":{"ELEMENT":"0.8102839740458876-4"}}"
29/12/2013 12:35:23 org.apache.http.impl.conn.DefaultClientConnection Connection 0.0.0.0:49202<->127.0.0.1:6629 shut down
29/12/2013 12:35:23 org.apache.http.impl.conn.tsccm.ThreadSafeClientConnManager Released connection is not reusable.
29/12/2013 12:35:23 org.apache.http.impl.conn.tsccm.ConnPoolByRoute Releasing connection [{}->http://localhost:6629][null]
29/12/2013 12:35:23 org.apache.http.impl.conn.DefaultClientConnection Connection 0.0.0.0:49202<->127.0.0.1:6629 closed
29/12/2013 12:35:23 org.apache.http.impl.conn.tsccm.ConnPoolByRoute Notifying no-one, there are no waiting threads
29/12/2013 12:35:23 org.apache.http.impl.conn.tsccm.ThreadSafeClientConnManager Get connection: {}->http://localhost:6629, timeout = 120000
29/12/2013 12:35:23 org.apache.http.impl.conn.tsccm.ConnPoolByRoute [{}->http://localhost:6629] total kept alive: 0, total issued: 0, total allocated: 0 out of 2000
29/12/2013 12:35:23 org.apache.http.impl.conn.tsccm.ConnPoolByRoute No free connections [{}->http://localhost:6629][null]
29/12/2013 12:35:23 org.apache.http.impl.conn.tsccm.ConnPoolByRoute Available capacity: 2000 out of 2000 [{}->http://localhost:6629][null]
29/12/2013 12:35:23 org.apache.http.impl.conn.tsccm.ConnPoolByRoute Creating new connection [{}->http://localhost:6629]
29/12/2013 12:35:23 org.apache.http.impl.conn.DefaultClientConnectionOperator Connecting to localhost:6629
29/12/2013 12:35:23 org.apache.http.client.protocol.RequestAddCookies CookieSpec selected: best-match
29/12/2013 12:35:23 org.apache.http.client.protocol.RequestAuthCache Auth cache not set in the context
29/12/2013 12:35:23 org.apache.http.client.protocol.RequestTargetAuthentication Target auth state: UNCHALLENGED
29/12/2013 12:35:23 org.apache.http.client.protocol.RequestProxyAuthentication Proxy auth state: UNCHALLENGED
29/12/2013 12:35:23 org.apache.http.impl.client.DefaultHttpClient Attempt 1 to execute request
29/12/2013 12:35:23 org.apache.http.impl.conn.DefaultClientConnection Sending request: GET /session/b31d4ab427a8e7b646ad6ee3b81fcc2d/element/0.8102839740458876-4/text HTTP/1.1
29/12/2013 12:35:23 org.apache.http.wire  >> "GET /session/b31d4ab427a8e7b646ad6ee3b81fcc2d/element/0.8102839740458876-4/text HTTP/1.1[\r][\n]"
29/12/2013 12:35:23 org.apache.http.wire  >> "Accept: application/json, image/png[\r][\n]"
29/12/2013 12:35:23 org.apache.http.wire  >> "Cache-Control: no-cache[\r][\n]"
29/12/2013 12:35:23 org.apache.http.wire  >> "Host: localhost:6629[\r][\n]"
29/12/2013 12:35:23 org.apache.http.wire  >> "Connection: Keep-Alive[\r][\n]"
29/12/2013 12:35:23 org.apache.http.wire  >> "[\r][\n]"
29/12/2013 12:35:23 org.apache.http.headers >> GET /session/b31d4ab427a8e7b646ad6ee3b81fcc2d/element/0.8102839740458876-4/text HTTP/1.1
29/12/2013 12:35:23 org.apache.http.headers >> Accept: application/json, image/png
29/12/2013 12:35:23 org.apache.http.headers >> Cache-Control: no-cache
29/12/2013 12:35:23 org.apache.http.headers >> Host: localhost:6629
29/12/2013 12:35:23 org.apache.http.headers >> Connection: Keep-Alive
29/12/2013 12:35:23 org.apache.http.wire  << "HTTP/1.1 200 OK[\r][\n]"
29/12/2013 12:35:23 org.apache.http.wire  << "Content-Length:124[\r][\n]"
29/12/2013 12:35:23 org.apache.http.wire  << "Content-Type:application/json; charset=utf-8[\r][\n]"
29/12/2013 12:35:23 org.apache.http.wire  << "Connection:close[\r][\n]"
29/12/2013 12:35:23 org.apache.http.wire  << "[\r][\n]"
29/12/2013 12:35:23 org.apache.http.impl.conn.DefaultClientConnection Receiving response: HTTP/1.1 200 OK
29/12/2013 12:35:23 org.apache.http.headers << HTTP/1.1 200 OK
29/12/2013 12:35:23 org.apache.http.headers << Content-Length:124
29/12/2013 12:35:23 org.apache.http.headers << Content-Type:application/json; charset=utf-8
29/12/2013 12:35:23 org.apache.http.headers << Connection:close
29/12/2013 12:35:23 org.apache.http.wire  << "{"sessionId":"b31d4ab427a8e7b646ad6ee3b81fcc2d","status":0,"value":"Success The webhooks have been updated for this model!"}"
29/12/2013 12:35:23 org.apache.http.impl.conn.DefaultClientConnection Connection 0.0.0.0:49203<->127.0.0.1:6629 shut down
29/12/2013 12:35:23 org.apache.http.impl.conn.tsccm.ThreadSafeClientConnManager Released connection is not reusable.
29/12/2013 12:35:23 org.apache.http.impl.conn.tsccm.ConnPoolByRoute Releasing connection [{}->http://localhost:6629][null]
29/12/2013 12:35:23 org.apache.http.impl.conn.DefaultClientConnection Connection 0.0.0.0:49203<->127.0.0.1:6629 closed
29/12/2013 12:35:23 org.apache.http.impl.conn.tsccm.ConnPoolByRoute Notifying no-one, there are no waiting threads
29/12/2013 12:35:23 Logger DEBUG: action result: Success The webhooks have been updated for this model!
29/12/2013 12:35:23 org.apache.http.impl.conn.tsccm.ThreadSafeClientConnManager Get connection: {}->http://localhost:6629, timeout = 120000
29/12/2013 12:35:23 org.apache.http.impl.conn.tsccm.ConnPoolByRoute [{}->http://localhost:6629] total kept alive: 0, total issued: 0, total allocated: 0 out of 2000
29/12/2013 12:35:23 org.apache.http.impl.conn.tsccm.ConnPoolByRoute No free connections [{}->http://localhost:6629][null]
29/12/2013 12:35:23 org.apache.http.impl.conn.tsccm.ConnPoolByRoute Available capacity: 2000 out of 2000 [{}->http://localhost:6629][null]
29/12/2013 12:35:23 org.apache.http.impl.conn.tsccm.ConnPoolByRoute Creating new connection [{}->http://localhost:6629]
29/12/2013 12:35:23 org.apache.http.impl.conn.DefaultClientConnectionOperator Connecting to localhost:6629
29/12/2013 12:35:23 org.apache.http.client.protocol.RequestAddCookies CookieSpec selected: best-match
29/12/2013 12:35:23 org.apache.http.client.protocol.RequestAuthCache Auth cache not set in the context
29/12/2013 12:35:23 org.apache.http.client.protocol.RequestTargetAuthentication Target auth state: UNCHALLENGED
29/12/2013 12:35:23 org.apache.http.client.protocol.RequestProxyAuthentication Proxy auth state: UNCHALLENGED
29/12/2013 12:35:23 org.apache.http.impl.client.DefaultHttpClient Attempt 1 to execute request
29/12/2013 12:35:23 org.apache.http.impl.conn.DefaultClientConnection Sending request: POST /session/b31d4ab427a8e7b646ad6ee3b81fcc2d/timeouts/implicit_wait HTTP/1.1
29/12/2013 12:35:23 org.apache.http.wire  >> "POST /session/b31d4ab427a8e7b646ad6ee3b81fcc2d/timeouts/implicit_wait HTTP/1.1[\r][\n]"
29/12/2013 12:35:23 org.apache.http.wire  >> "Accept: application/json, image/png[\r][\n]"
29/12/2013 12:35:23 org.apache.http.wire  >> "Content-Type: application/json; charset=utf-8[\r][\n]"
29/12/2013 12:35:23 org.apache.http.wire  >> "Content-Length: 11[\r][\n]"
29/12/2013 12:35:23 org.apache.http.wire  >> "Host: localhost:6629[\r][\n]"
29/12/2013 12:35:23 org.apache.http.wire  >> "Connection: Keep-Alive[\r][\n]"
29/12/2013 12:35:23 org.apache.http.wire  >> "[\r][\n]"
29/12/2013 12:35:23 org.apache.http.headers >> POST /session/b31d4ab427a8e7b646ad6ee3b81fcc2d/timeouts/implicit_wait HTTP/1.1
29/12/2013 12:35:23 org.apache.http.headers >> Accept: application/json, image/png
29/12/2013 12:35:23 org.apache.http.headers >> Content-Type: application/json; charset=utf-8
29/12/2013 12:35:23 org.apache.http.headers >> Content-Length: 11
29/12/2013 12:35:23 org.apache.http.headers >> Host: localhost:6629
29/12/2013 12:35:23 org.apache.http.headers >> Connection: Keep-Alive
29/12/2013 12:35:23 org.apache.http.wire  >> "{"ms":1000}"
29/12/2013 12:35:23 org.apache.http.wire  << "HTTP/1.1 200 OK[\r][\n]"
29/12/2013 12:35:23 org.apache.http.wire  << "Content-Length:72[\r][\n]"
29/12/2013 12:35:23 org.apache.http.wire  << "Content-Type:application/json; charset=utf-8[\r][\n]"
29/12/2013 12:35:23 org.apache.http.wire  << "Connection:close[\r][\n]"
29/12/2013 12:35:23 org.apache.http.wire  << "[\r][\n]"
29/12/2013 12:35:23 org.apache.http.impl.conn.DefaultClientConnection Receiving response: HTTP/1.1 200 OK
29/12/2013 12:35:23 org.apache.http.headers << HTTP/1.1 200 OK
29/12/2013 12:35:23 org.apache.http.headers << Content-Length:72
29/12/2013 12:35:23 org.apache.http.headers << Content-Type:application/json; charset=utf-8
29/12/2013 12:35:23 org.apache.http.headers << Connection:close
29/12/2013 12:35:23 org.apache.http.wire  << "{"sessionId":"b31d4ab427a8e7b646ad6ee3b81fcc2d","status":0,"value":null}"
29/12/2013 12:35:23 org.apache.http.impl.conn.DefaultClientConnection Connection 0.0.0.0:49204<->127.0.0.1:6629 shut down
29/12/2013 12:35:23 org.apache.http.impl.conn.tsccm.ThreadSafeClientConnManager Released connection is not reusable.
29/12/2013 12:35:23 org.apache.http.impl.conn.tsccm.ConnPoolByRoute Releasing connection [{}->http://localhost:6629][null]
29/12/2013 12:35:23 org.apache.http.impl.conn.DefaultClientConnection Connection 0.0.0.0:49204<->127.0.0.1:6629 closed
29/12/2013 12:35:23 org.apache.http.impl.conn.tsccm.ConnPoolByRoute Notifying no-one, there are no waiting threads
29/12/2013 12:35:23 org.apache.http.impl.conn.tsccm.ThreadSafeClientConnManager Get connection: {}->http://localhost:6629, timeout = 120000
29/12/2013 12:35:23 org.apache.http.impl.conn.tsccm.ConnPoolByRoute [{}->http://localhost:6629] total kept alive: 0, total issued: 0, total allocated: 0 out of 2000
29/12/2013 12:35:23 org.apache.http.impl.conn.tsccm.ConnPoolByRoute No free connections [{}->http://localhost:6629][null]
29/12/2013 12:35:23 org.apache.http.impl.conn.tsccm.ConnPoolByRoute Available capacity: 2000 out of 2000 [{}->http://localhost:6629][null]
29/12/2013 12:35:23 org.apache.http.impl.conn.tsccm.ConnPoolByRoute Creating new connection [{}->http://localhost:6629]
29/12/2013 12:35:23 org.apache.http.impl.conn.DefaultClientConnectionOperator Connecting to localhost:6629
29/12/2013 12:35:23 org.apache.http.client.protocol.RequestAddCookies CookieSpec selected: best-match
29/12/2013 12:35:23 org.apache.http.client.protocol.RequestAuthCache Auth cache not set in the context
29/12/2013 12:35:23 org.apache.http.client.protocol.RequestTargetAuthentication Target auth state: UNCHALLENGED
29/12/2013 12:35:23 org.apache.http.client.protocol.RequestProxyAuthentication Proxy auth state: UNCHALLENGED
29/12/2013 12:35:23 org.apache.http.impl.client.DefaultHttpClient Attempt 1 to execute request
29/12/2013 12:35:23 org.apache.http.impl.conn.DefaultClientConnection Sending request: POST /session/b31d4ab427a8e7b646ad6ee3b81fcc2d/elements HTTP/1.1
29/12/2013 12:35:23 org.apache.http.wire  >> "POST /session/b31d4ab427a8e7b646ad6ee3b81fcc2d/elements HTTP/1.1[\r][\n]"
29/12/2013 12:35:23 org.apache.http.wire  >> "Accept: application/json, image/png[\r][\n]"
29/12/2013 12:35:23 org.apache.http.wire  >> "Content-Type: application/json; charset=utf-8[\r][\n]"
29/12/2013 12:35:23 org.apache.http.wire  >> "Content-Length: 75[\r][\n]"
29/12/2013 12:35:23 org.apache.http.wire  >> "Host: localhost:6629[\r][\n]"
29/12/2013 12:35:23 org.apache.http.wire  >> "Connection: Keep-Alive[\r][\n]"
29/12/2013 12:35:23 org.apache.http.wire  >> "[\r][\n]"
29/12/2013 12:35:23 org.apache.http.headers >> POST /session/b31d4ab427a8e7b646ad6ee3b81fcc2d/elements HTTP/1.1
29/12/2013 12:35:23 org.apache.http.headers >> Accept: application/json, image/png
29/12/2013 12:35:23 org.apache.http.headers >> Content-Type: application/json; charset=utf-8
29/12/2013 12:35:23 org.apache.http.headers >> Content-Length: 75
29/12/2013 12:35:23 org.apache.http.headers >> Host: localhost:6629
29/12/2013 12:35:23 org.apache.http.headers >> Connection: Keep-Alive
29/12/2013 12:35:23 org.apache.http.wire  >> "{"using":"xpath","value":"//table[@id='factory-imps-info-table']/tbody/tr"}"
29/12/2013 12:35:23 org.apache.http.wire  << "HTTP/1.1 200 OK[\r][\n]"
29/12/2013 12:35:23 org.apache.http.wire  << "Content-Length:104[\r][\n]"
29/12/2013 12:35:23 org.apache.http.wire  << "Content-Type:application/json; charset=utf-8[\r][\n]"
29/12/2013 12:35:23 org.apache.http.wire  << "Connection:close[\r][\n]"
29/12/2013 12:35:23 org.apache.http.wire  << "[\r][\n]"
29/12/2013 12:35:23 org.apache.http.impl.conn.DefaultClientConnection Receiving response: HTTP/1.1 200 OK
29/12/2013 12:35:23 org.apache.http.headers << HTTP/1.1 200 OK
29/12/2013 12:35:23 org.apache.http.headers << Content-Length:104
29/12/2013 12:35:23 org.apache.http.headers << Content-Type:application/json; charset=utf-8
29/12/2013 12:35:23 org.apache.http.headers << Connection:close
29/12/2013 12:35:23 org.apache.http.wire  << "{"sessionId":"b31d4ab427a8e7b646ad6ee3b81fcc2d","status":0,"value":[{"ELEMENT":"0.8102839740458876-5"}]}"
29/12/2013 12:35:23 org.apache.http.impl.conn.DefaultClientConnection Connection 0.0.0.0:49205<->127.0.0.1:6629 shut down
29/12/2013 12:35:23 org.apache.http.impl.conn.tsccm.ThreadSafeClientConnManager Released connection is not reusable.
29/12/2013 12:35:23 org.apache.http.impl.conn.tsccm.ConnPoolByRoute Releasing connection [{}->http://localhost:6629][null]
29/12/2013 12:35:23 org.apache.http.impl.conn.DefaultClientConnection Connection 0.0.0.0:49205<->127.0.0.1:6629 closed
29/12/2013 12:35:23 org.apache.http.impl.conn.tsccm.ConnPoolByRoute Notifying no-one, there are no waiting threads
29/12/2013 12:35:23 Logger DEBUG: got number of elements: 1
29/12/2013 12:35:23 org.apache.http.impl.conn.tsccm.ThreadSafeClientConnManager Get connection: {}->http://localhost:6629, timeout = 120000
29/12/2013 12:35:23 org.apache.http.impl.conn.tsccm.ConnPoolByRoute [{}->http://localhost:6629] total kept alive: 0, total issued: 0, total allocated: 0 out of 2000
29/12/2013 12:35:23 org.apache.http.impl.conn.tsccm.ConnPoolByRoute No free connections [{}->http://localhost:6629][null]
29/12/2013 12:35:23 org.apache.http.impl.conn.tsccm.ConnPoolByRoute Available capacity: 2000 out of 2000 [{}->http://localhost:6629][null]
29/12/2013 12:35:23 org.apache.http.impl.conn.tsccm.ConnPoolByRoute Creating new connection [{}->http://localhost:6629]
29/12/2013 12:35:23 org.apache.http.impl.conn.DefaultClientConnectionOperator Connecting to localhost:6629
29/12/2013 12:35:23 org.apache.http.client.protocol.RequestAddCookies CookieSpec selected: best-match
29/12/2013 12:35:23 org.apache.http.client.protocol.RequestAuthCache Auth cache not set in the context
29/12/2013 12:35:23 org.apache.http.client.protocol.RequestTargetAuthentication Target auth state: UNCHALLENGED
29/12/2013 12:35:23 org.apache.http.client.protocol.RequestProxyAuthentication Proxy auth state: UNCHALLENGED
29/12/2013 12:35:23 org.apache.http.impl.client.DefaultHttpClient Attempt 1 to execute request
29/12/2013 12:35:23 org.apache.http.impl.conn.DefaultClientConnection Sending request: POST /session/b31d4ab427a8e7b646ad6ee3b81fcc2d/timeouts/implicit_wait HTTP/1.1
29/12/2013 12:35:23 org.apache.http.wire  >> "POST /session/b31d4ab427a8e7b646ad6ee3b81fcc2d/timeouts/implicit_wait HTTP/1.1[\r][\n]"
29/12/2013 12:35:23 org.apache.http.wire  >> "Accept: application/json, image/png[\r][\n]"
29/12/2013 12:35:23 org.apache.http.wire  >> "Content-Type: application/json; charset=utf-8[\r][\n]"
29/12/2013 12:35:23 org.apache.http.wire  >> "Content-Length: 12[\r][\n]"
29/12/2013 12:35:23 org.apache.http.wire  >> "Host: localhost:6629[\r][\n]"
29/12/2013 12:35:23 org.apache.http.wire  >> "Connection: Keep-Alive[\r][\n]"
29/12/2013 12:35:23 org.apache.http.wire  >> "[\r][\n]"
29/12/2013 12:35:23 org.apache.http.headers >> POST /session/b31d4ab427a8e7b646ad6ee3b81fcc2d/timeouts/implicit_wait HTTP/1.1
29/12/2013 12:35:23 org.apache.http.headers >> Accept: application/json, image/png
29/12/2013 12:35:23 org.apache.http.headers >> Content-Type: application/json; charset=utf-8
29/12/2013 12:35:23 org.apache.http.headers >> Content-Length: 12
29/12/2013 12:35:23 org.apache.http.headers >> Host: localhost:6629
29/12/2013 12:35:23 org.apache.http.headers >> Connection: Keep-Alive
29/12/2013 12:35:23 org.apache.http.wire  >> "{"ms":30000}"
29/12/2013 12:35:23 org.apache.http.wire  << "HTTP/1.1 200 OK[\r][\n]"
29/12/2013 12:35:23 org.apache.http.wire  << "Content-Length:72[\r][\n]"
29/12/2013 12:35:23 org.apache.http.wire  << "Content-Type:application/json; charset=utf-8[\r][\n]"
29/12/2013 12:35:23 org.apache.http.wire  << "Connection:close[\r][\n]"
29/12/2013 12:35:23 org.apache.http.wire  << "[\r][\n]"
29/12/2013 12:35:23 org.apache.http.impl.conn.DefaultClientConnection Receiving response: HTTP/1.1 200 OK
29/12/2013 12:35:23 org.apache.http.headers << HTTP/1.1 200 OK
29/12/2013 12:35:23 org.apache.http.headers << Content-Length:72
29/12/2013 12:35:23 org.apache.http.headers << Content-Type:application/json; charset=utf-8
29/12/2013 12:35:23 org.apache.http.headers << Connection:close
29/12/2013 12:35:23 org.apache.http.wire  << "{"sessionId":"b31d4ab427a8e7b646ad6ee3b81fcc2d","status":0,"value":null}"
29/12/2013 12:35:23 org.apache.http.impl.conn.DefaultClientConnection Connection 0.0.0.0:49206<->127.0.0.1:6629 shut down
29/12/2013 12:35:23 org.apache.http.impl.conn.tsccm.ThreadSafeClientConnManager Released connection is not reusable.
29/12/2013 12:35:23 org.apache.http.impl.conn.tsccm.ConnPoolByRoute Releasing connection [{}->http://localhost:6629][null]
29/12/2013 12:35:23 org.apache.http.impl.conn.DefaultClientConnection Connection 0.0.0.0:49206<->127.0.0.1:6629 closed
29/12/2013 12:35:23 org.apache.http.impl.conn.tsccm.ConnPoolByRoute Notifying no-one, there are no waiting threads
]]></system-out>
  </testcase>
  <testcase name="opsDeployTest" classname="testSuiteA.IdeTest" time="18.772"/>
  <testcase name="rmBondTest" classname="testSuiteA.IdeTest" time="12.414"/>
  <testcase name="rmWebhookTest" classname="testSuiteA.IdeTest" time="8.512"/>
  <testcase name="searchTest" classname="testSuiteA.IdeTest" time="34.489"/>
  <testcase name="sidebarTest" classname="testSuiteA.IdeTest" time="28.895"/>
  <testcase name="agentEndponitTest" classname="testSuiteA.restApiTest" time="0.152"/>
</testsuite>