<?xml version="1.0" encoding="UTF-8"?>
<!-- Generated by org.testng.reporters.JUnitReportReporter -->
<testsuite hostname="Joes-MacBook-Pro.local" name="testSuiteA.IdeTest" tests="12" failures="0" timestamp="23 Jan 2014 21:25:29 GMT" time="212.226" errors="0">
  <testcase name="addFImpTest" time="12.300" classname="testSuiteA.IdeTest"/>
  <testcase name="searchTest" time="34.344" classname="testSuiteA.IdeTest"/>
  <testcase name="rmWebhookTest" time="14.313" classname="testSuiteA.IdeTest"/>
  <testcase name="assignDevTest" time="13.485" classname="testSuiteA.IdeTest"/>
  <testcase name="deleteDevTest" time="11.064" classname="testSuiteA.IdeTest"/>
  <testcase name="rmBondTest" time="13.144" classname="testSuiteA.IdeTest"/>
  <testcase name="opsDeployTest" time="21.869" classname="testSuiteA.IdeTest"/>
  <testcase name="deleteFImpTest" time="11.550" classname="testSuiteA.IdeTest"/>
  <testcase name="addWebhookTest" time="14.950" classname="testSuiteA.IdeTest"/>
  <testcase name="sidebarTest" time="40.505" classname="testSuiteA.IdeTest"/>
  <testcase name="changeFWTest" time="19.662" classname="testSuiteA.IdeTest"/>
  <testcase name="loginTest" time="5.040" classname="testSuiteA.IdeTest"/>
</testsuite>
