<?xml version="1.0" encoding="UTF-8"?>
<!-- Generated by org.testng.reporters.JUnitReportReporter -->
<testsuite hostname="Joes-MacBook-Pro.local" name="testSuiteA.restApiTest" tests="1" failures="0" timestamp="29 Dec 2013 20:37:11 GMT" time="0.152" errors="0">
  <testcase name="agentEndponitTest" time="0.152" classname="testSuiteA.restApiTest"/>
</testsuite>
