<?xml version="1.0" encoding="UTF-8"?>
<!-- Generated by org.testng.reporters.JUnitReportReporter -->
<testsuite hostname="Joes-MacBook-Pro.local" name="testSuiteA.restApiTest" tests="1" failures="0" timestamp="2 Jan 2014 22:37:38 GMT" time="0.135" errors="0">
  <testcase name="agentEndponitTest" time="0.135" classname="testSuiteA.restApiTest"/>
</testsuite>
