<?xml version="1.0" encoding="UTF-8"?>
<!-- Generated by org.testng.reporters.JUnitReportReporter -->
<testsuite hostname="Joes-MacBook-Pro.local" name="testSuiteA.restApiTest" tests="1" failures="0" timestamp="8 Jan 2014 22:59:00 GMT" time="0.189" errors="0">
  <testcase name="agentEndponitTest" time="0.189" classname="testSuiteA.restApiTest"/>
</testsuite>
