<?xml version="1.0" encoding="UTF-8"?>
<!-- Generated by org.testng.reporters.JUnitReportReporter -->
<testsuite hostname="Joes-MacBook-Pro.local" name="testSuiteA.IdeTest" tests="12" failures="0" timestamp="2 Jan 2014 22:37:38 GMT" time="191.205" errors="0">
  <testcase name="addWebhookTest" time="14.596" classname="testSuiteA.IdeTest"/>
  <testcase name="opsDeployTest" time="19.123" classname="testSuiteA.IdeTest"/>
  <testcase name="loginTest" time="5.767" classname="testSuiteA.IdeTest"/>
  <testcase name="changeFWTest" time="16.716" classname="testSuiteA.IdeTest"/>
  <testcase name="deleteFImpTest" time="10.559" classname="testSuiteA.IdeTest"/>
  <testcase name="rmBondTest" time="12.555" classname="testSuiteA.IdeTest"/>
  <testcase name="addFImpTest" time="11.149" classname="testSuiteA.IdeTest"/>
  <testcase name="searchTest" time="34.435" classname="testSuiteA.IdeTest"/>
  <testcase name="assignDevTest" time="12.206" classname="testSuiteA.IdeTest"/>
  <testcase name="deleteDevTest" time="11.553" classname="testSuiteA.IdeTest"/>
  <testcase name="rmWebhookTest" time="13.526" classname="testSuiteA.IdeTest"/>
  <testcase name="sidebarTest" time="29.020" classname="testSuiteA.IdeTest"/>
</testsuite>
